<?xml version="1.0" encoding="UTF-8"?>
<testsuites name="Login Feature suite" time="210.399" tests="8" failures="0" errors="0">
   <testsuite name="Login Feature suite" tests="8" failures="0" errors="0" time="210.399" skipped="0" timestamp="2023-10-29 11:48:18" hostname="Fajar - 192.168.173.1" id="Test Suites/Login Feature suite">
      <properties>
         <property name="deviceName" value=""/>
         <property name="devicePlatform" value=""/>
         <property name="logFolder" value="D:\\Users\\Fajar\\git\\Testing_Saucedemo\\Reports\\20231029_114800\\Login Feature suite\\20231029_114802"/>
         <property name="logFiles" value="D:\\Users\\Fajar\\git\\Testing_Saucedemo\\Reports\\20231029_114800\\Login Feature suite\\20231029_114802\\execution0.log"/>
         <property name="attachments" value=""/>
         <property name="hostName" value="Fajar - 192.168.173.1"/>
         <property name="os" value="Windows 10 64bit"/>
         <property name="katalonVersion" value="8.6.8.208"/>
         <property name="browser" value="Chrome 118.0.0.0"/>
         <property name="hostAddress" value="192.168.173.1"/>
         <property name="sessionId" value="088152c59d7e994e8d2d4768461e84cd"/>
         <property name="seleniumVersion" value="3.141.59"/>
         <property name="proxyInformation" value="ProxyInformation { proxyOption=NO_PROXY, proxyServerType=HTTP, username=, password=********, proxyServerAddress=, proxyServerPort=0, executionList=&quot;&quot;, isApplyToDesiredCapabilities=true }"/>
         <property name="platform" value="Windows 10"/>
      </properties>
      <testcase name="Test Cases/Login/TS.Log.001 TC.Log.001.001 User login with valid credential" time="27.034" classname="Test Cases/Login/TS.Log.001 TC.Log.001.001 User login with valid credential" status="PASSED">
         <system-out><![CDATA[2023-10-29 11:48:19 - [TEST_CASE][PASSED] - Test Cases/Login/TS.Log.001 TC.Log.001.001 User login with valid credential: Test Cases/Login/TS.Log.001 TC.Log.001.001 User login with valid credential

2023-10-29 11:48:20 - [TEST_STEP][PASSED] - openBrowser(""): Browser is opened with url: ''

2023-10-29 11:48:21 - [MESSAGE][INFO] - Starting 'Chrome' driver

2023-10-29 11:48:21 - [MESSAGE][INFO] - Action delay is set to 0 milliseconds

2023-10-29 11:48:30 - [MESSAGE][PASSED] - Browser is opened with url: ''

2023-10-29 11:48:30 - [TEST_STEP][PASSED] - navigateToUrl("https://www.saucedemo.com/"): Navigate to 'https://www.saucedemo.com/' successfully

2023-10-29 11:48:33 - [MESSAGE][PASSED] - Navigate to 'https://www.saucedemo.com/' successfully

2023-10-29 11:48:33 - [TEST_STEP][PASSED] - setText(findTestObject("Object Repository/Page_Swag Labs/Username_field"), "standard_user"): Text 'standard_user' is set on object 'Object Repository/Page_Swag Labs/Username_field'

2023-10-29 11:48:35 - [MESSAGE][PASSED] - Text 'standard_user' is set on object 'Object Repository/Page_Swag Labs/Username_field'

2023-10-29 11:48:35 - [TEST_STEP][PASSED] - setEncryptedText(findTestObject("Object Repository/Page_Swag Labs/Password_field"), "qcu24s4901FyWDTwXGr6XA=="): Text ****** has been set on object 'Object Repository/Page_Swag Labs/Password_field'

2023-10-29 11:48:37 - [MESSAGE][PASSED] - Text ****** has been set on object 'Object Repository/Page_Swag Labs/Password_field'

2023-10-29 11:48:37 - [TEST_STEP][PASSED] - click(findTestObject("Object Repository/Page_Swag Labs/button_login")): Object: 'Object Repository/Page_Swag Labs/button_login' is clicked on

2023-10-29 11:48:38 - [MESSAGE][PASSED] - Object: 'Object Repository/Page_Swag Labs/button_login' is clicked on

2023-10-29 11:48:38 - [TEST_STEP][PASSED] - closeBrowser(): Browser is closed

2023-10-29 11:48:46 - [MESSAGE][PASSED] - Browser is closed]]></system-out>
         <system-err><![CDATA[]]></system-err>
      </testcase>
      <testcase name="Test Cases/Login/TS.Log.001 TC.Log.001.002 User login with unregistered username and password" time="42.133" classname="Test Cases/Login/TS.Log.001 TC.Log.001.002 User login with unregistered username and password" status="PASSED">
         <system-out><![CDATA[2023-10-29 11:48:46 - [TEST_CASE][PASSED] - Test Cases/Login/TS.Log.001 TC.Log.001.002 User login with unregistered username and password: Test Cases/Login/TS.Log.001 TC.Log.001.002 User login with unregistered username and password

2023-10-29 11:48:47 - [TEST_STEP][PASSED] - openBrowser(""): Browser is opened with url: ''

2023-10-29 11:48:47 - [MESSAGE][INFO] - Starting 'Chrome' driver

2023-10-29 11:48:47 - [MESSAGE][INFO] - Action delay is set to 0 milliseconds

2023-10-29 11:48:49 - [MESSAGE][PASSED] - Browser is opened with url: ''

2023-10-29 11:48:49 - [TEST_STEP][PASSED] - navigateToUrl("https://www.saucedemo.com/"): Navigate to 'https://www.saucedemo.com/' successfully

2023-10-29 11:48:51 - [MESSAGE][PASSED] - Navigate to 'https://www.saucedemo.com/' successfully

2023-10-29 11:48:51 - [TEST_STEP][PASSED] - setText(findTestObject("Page_Swag Labs/Username_field"), "test salah"): Text 'test salah' is set on object 'Object Repository/Page_Swag Labs/Username_field'

2023-10-29 11:48:54 - [MESSAGE][PASSED] - Text 'test salah' is set on object 'Object Repository/Page_Swag Labs/Username_field'

2023-10-29 11:48:54 - [TEST_STEP][PASSED] - setEncryptedText(findTestObject("Object Repository/Page_Swag Labs/Password_field"), "xDH/NDxr8Nk91RcxWnF9Qg=="): Text ****** has been set on object 'Object Repository/Page_Swag Labs/Password_field'

2023-10-29 11:48:56 - [MESSAGE][PASSED] - Text ****** has been set on object 'Object Repository/Page_Swag Labs/Password_field'

2023-10-29 11:48:56 - [TEST_STEP][PASSED] - click(findTestObject("Object Repository/Page_Swag Labs/button_login")): Object: 'Object Repository/Page_Swag Labs/button_login' is clicked on

2023-10-29 11:48:57 - [MESSAGE][PASSED] - Object: 'Object Repository/Page_Swag Labs/button_login' is clicked on

2023-10-29 11:48:57 - [TEST_STEP][PASSED] - verifyElementPresent(findTestObject("Page_Swag Labs/Error message login"), 0): Object 'Object Repository/Page_Swag Labs/Error message login' is present

2023-10-29 11:48:57 - [MESSAGE][WARNING] - Timeout '0' is invalid. Using default page load timeout: '30'

2023-10-29 11:49:27 - [MESSAGE][PASSED] - Object 'Object Repository/Page_Swag Labs/Error message login' is present

2023-10-29 11:49:27 - [TEST_STEP][PASSED] - closeBrowser(): Browser is closed

2023-10-29 11:49:28 - [MESSAGE][PASSED] - Browser is closed]]></system-out>
         <system-err><![CDATA[]]></system-err>
      </testcase>
      <testcase name="Test Cases/Login/TS.Log.001 TC.Log.001.003 User login with unregistered username and valid password" time="42.409" classname="Test Cases/Login/TS.Log.001 TC.Log.001.003 User login with unregistered username and valid password" status="PASSED">
         <system-out><![CDATA[2023-10-29 11:49:28 - [TEST_CASE][PASSED] - Test Cases/Login/TS.Log.001 TC.Log.001.003 User login with unregistered username and valid password: Test Cases/Login/TS.Log.001 TC.Log.001.003 User login with unregistered username and valid password

2023-10-29 11:49:29 - [TEST_STEP][PASSED] - openBrowser(""): Browser is opened with url: ''

2023-10-29 11:49:29 - [MESSAGE][INFO] - Starting 'Chrome' driver

2023-10-29 11:49:29 - [MESSAGE][INFO] - Action delay is set to 0 milliseconds

2023-10-29 11:49:32 - [MESSAGE][PASSED] - Browser is opened with url: ''

2023-10-29 11:49:32 - [TEST_STEP][PASSED] - navigateToUrl("https://www.saucedemo.com/"): Navigate to 'https://www.saucedemo.com/' successfully

2023-10-29 11:49:33 - [MESSAGE][PASSED] - Navigate to 'https://www.saucedemo.com/' successfully

2023-10-29 11:49:33 - [TEST_STEP][PASSED] - setText(findTestObject("Page_Swag Labs/Username_field"), "test salah"): Text 'test salah' is set on object 'Object Repository/Page_Swag Labs/Username_field'

2023-10-29 11:49:37 - [MESSAGE][PASSED] - Text 'test salah' is set on object 'Object Repository/Page_Swag Labs/Username_field'

2023-10-29 11:49:37 - [TEST_STEP][PASSED] - setEncryptedText(findTestObject("Object Repository/Page_Swag Labs/Password_field"), "qcu24s4901FyWDTwXGr6XA=="): Text ****** has been set on object 'Object Repository/Page_Swag Labs/Password_field'

2023-10-29 11:49:39 - [MESSAGE][PASSED] - Text ****** has been set on object 'Object Repository/Page_Swag Labs/Password_field'

2023-10-29 11:49:39 - [TEST_STEP][PASSED] - click(findTestObject("Object Repository/Page_Swag Labs/button_login")): Object: 'Object Repository/Page_Swag Labs/button_login' is clicked on

2023-10-29 11:49:39 - [MESSAGE][PASSED] - Object: 'Object Repository/Page_Swag Labs/button_login' is clicked on

2023-10-29 11:49:39 - [TEST_STEP][PASSED] - verifyElementPresent(findTestObject("Page_Swag Labs/Error message login"), 0): Object 'Object Repository/Page_Swag Labs/Error message login' is present

2023-10-29 11:49:40 - [MESSAGE][WARNING] - Timeout '0' is invalid. Using default page load timeout: '30'

2023-10-29 11:50:10 - [MESSAGE][PASSED] - Object 'Object Repository/Page_Swag Labs/Error message login' is present

2023-10-29 11:50:10 - [TEST_STEP][PASSED] - closeBrowser(): Browser is closed

2023-10-29 11:50:11 - [MESSAGE][PASSED] - Browser is closed]]></system-out>
         <system-err><![CDATA[]]></system-err>
      </testcase>
      <testcase name="Test Cases/Login/TS.Log.001 TC.Log.001.004 User login with registered username and invalid password" time="40.633" classname="Test Cases/Login/TS.Log.001 TC.Log.001.004 User login with registered username and invalid password" status="PASSED">
         <system-out><![CDATA[2023-10-29 11:50:11 - [TEST_CASE][PASSED] - Test Cases/Login/TS.Log.001 TC.Log.001.004 User login with registered username and invalid password: Test Cases/Login/TS.Log.001 TC.Log.001.004 User login with registered username and invalid password

2023-10-29 11:50:11 - [TEST_STEP][PASSED] - openBrowser(""): Browser is opened with url: ''

2023-10-29 11:50:11 - [MESSAGE][INFO] - Starting 'Chrome' driver

2023-10-29 11:50:11 - [MESSAGE][INFO] - Action delay is set to 0 milliseconds

2023-10-29 11:50:14 - [MESSAGE][PASSED] - Browser is opened with url: ''

2023-10-29 11:50:14 - [TEST_STEP][PASSED] - navigateToUrl("https://www.saucedemo.com/"): Navigate to 'https://www.saucedemo.com/' successfully

2023-10-29 11:50:15 - [MESSAGE][PASSED] - Navigate to 'https://www.saucedemo.com/' successfully

2023-10-29 11:50:15 - [TEST_STEP][PASSED] - setText(findTestObject("Page_Swag Labs/Username_field"), "standard_user"): Text 'standard_user' is set on object 'Object Repository/Page_Swag Labs/Username_field'

2023-10-29 11:50:18 - [MESSAGE][PASSED] - Text 'standard_user' is set on object 'Object Repository/Page_Swag Labs/Username_field'

2023-10-29 11:50:18 - [TEST_STEP][PASSED] - setEncryptedText(findTestObject("Object Repository/Page_Swag Labs/Password_field"), "FMpJ+xZn0jDKm5OtYfOeUQ=="): Text ****** has been set on object 'Object Repository/Page_Swag Labs/Password_field'

2023-10-29 11:50:19 - [MESSAGE][PASSED] - Text ****** has been set on object 'Object Repository/Page_Swag Labs/Password_field'

2023-10-29 11:50:19 - [TEST_STEP][PASSED] - click(findTestObject("Object Repository/Page_Swag Labs/button_login")): Object: 'Object Repository/Page_Swag Labs/button_login' is clicked on

2023-10-29 11:50:20 - [MESSAGE][PASSED] - Object: 'Object Repository/Page_Swag Labs/button_login' is clicked on

2023-10-29 11:50:20 - [TEST_STEP][PASSED] - verifyElementPresent(findTestObject("Page_Swag Labs/Error message login"), 0): Object 'Object Repository/Page_Swag Labs/Error message login' is present

2023-10-29 11:50:20 - [MESSAGE][WARNING] - Timeout '0' is invalid. Using default page load timeout: '30'

2023-10-29 11:50:50 - [MESSAGE][PASSED] - Object 'Object Repository/Page_Swag Labs/Error message login' is present

2023-10-29 11:50:50 - [TEST_STEP][PASSED] - closeBrowser(): Browser is closed

2023-10-29 11:50:51 - [MESSAGE][PASSED] - Browser is closed]]></system-out>
         <system-err><![CDATA[]]></system-err>
      </testcase>
      <testcase name="Test Cases/Login/TS.Log.001 TC.Log.001.005 User click login without filling password" time="12.122" classname="Test Cases/Login/TS.Log.001 TC.Log.001.005 User click login without filling password" status="PASSED">
         <system-out><![CDATA[2023-10-29 11:50:51 - [TEST_CASE][PASSED] - Test Cases/Login/TS.Log.001 TC.Log.001.005 User click login without filling password: Test Cases/Login/TS.Log.001 TC.Log.001.005 User click login without filling password

2023-10-29 11:50:52 - [TEST_STEP][PASSED] - openBrowser(""): Browser is opened with url: ''

2023-10-29 11:50:52 - [MESSAGE][INFO] - Starting 'Chrome' driver

2023-10-29 11:50:52 - [MESSAGE][INFO] - Action delay is set to 0 milliseconds

2023-10-29 11:50:55 - [MESSAGE][PASSED] - Browser is opened with url: ''

2023-10-29 11:50:55 - [TEST_STEP][PASSED] - navigateToUrl("https://www.saucedemo.com/"): Navigate to 'https://www.saucedemo.com/' successfully

2023-10-29 11:50:56 - [MESSAGE][PASSED] - Navigate to 'https://www.saucedemo.com/' successfully

2023-10-29 11:50:56 - [TEST_STEP][PASSED] - setText(findTestObject("Page_Swag Labs/Username_field"), "standard_user"): Text 'standard_user' is set on object 'Object Repository/Page_Swag Labs/Username_field'

2023-10-29 11:51:00 - [MESSAGE][PASSED] - Text 'standard_user' is set on object 'Object Repository/Page_Swag Labs/Username_field'

2023-10-29 11:51:00 - [TEST_STEP][PASSED] - click(findTestObject("Object Repository/Page_Swag Labs/button_login")): Object: 'Object Repository/Page_Swag Labs/button_login' is clicked on

2023-10-29 11:51:01 - [MESSAGE][PASSED] - Object: 'Object Repository/Page_Swag Labs/button_login' is clicked on

2023-10-29 11:51:01 - [TEST_STEP][PASSED] - verifyElementPresent(findTestObject("Page_Swag Labs/Error message password required"), 0): Object 'Object Repository/Page_Swag Labs/Error message password required' is present

2023-10-29 11:51:02 - [MESSAGE][WARNING] - Timeout '0' is invalid. Using default page load timeout: '30'

2023-10-29 11:51:02 - [MESSAGE][PASSED] - Object 'Object Repository/Page_Swag Labs/Error message password required' is present

2023-10-29 11:51:02 - [TEST_STEP][PASSED] - closeBrowser(): Browser is closed

2023-10-29 11:51:03 - [MESSAGE][PASSED] - Browser is closed]]></system-out>
         <system-err><![CDATA[]]></system-err>
      </testcase>
      <testcase name="Test Cases/Login/TS.Log.001 TC.Log.001.006 User click login without filling username" time="12.497" classname="Test Cases/Login/TS.Log.001 TC.Log.001.006 User click login without filling username" status="PASSED">
         <system-out><![CDATA[2023-10-29 11:51:03 - [TEST_CASE][PASSED] - Test Cases/Login/TS.Log.001 TC.Log.001.006 User click login without filling username: Test Cases/Login/TS.Log.001 TC.Log.001.006 User click login without filling username

2023-10-29 11:51:04 - [TEST_STEP][PASSED] - openBrowser(""): Browser is opened with url: ''

2023-10-29 11:51:04 - [MESSAGE][INFO] - Starting 'Chrome' driver

2023-10-29 11:51:04 - [MESSAGE][INFO] - Action delay is set to 0 milliseconds

2023-10-29 11:51:07 - [MESSAGE][PASSED] - Browser is opened with url: ''

2023-10-29 11:51:07 - [TEST_STEP][PASSED] - navigateToUrl("https://www.saucedemo.com/"): Navigate to 'https://www.saucedemo.com/' successfully

2023-10-29 11:51:08 - [MESSAGE][PASSED] - Navigate to 'https://www.saucedemo.com/' successfully

2023-10-29 11:51:08 - [TEST_STEP][PASSED] - setEncryptedText(findTestObject("Object Repository/Page_Swag Labs/Password_field"), "qcu24s4901FyWDTwXGr6XA=="): Text ****** has been set on object 'Object Repository/Page_Swag Labs/Password_field'

2023-10-29 11:51:11 - [MESSAGE][PASSED] - Text ****** has been set on object 'Object Repository/Page_Swag Labs/Password_field'

2023-10-29 11:51:11 - [TEST_STEP][PASSED] - click(findTestObject("Object Repository/Page_Swag Labs/button_login")): Object: 'Object Repository/Page_Swag Labs/button_login' is clicked on

2023-10-29 11:51:12 - [MESSAGE][PASSED] - Object: 'Object Repository/Page_Swag Labs/button_login' is clicked on

2023-10-29 11:51:12 - [TEST_STEP][PASSED] - verifyElementPresent(findTestObject("Page_Swag Labs/Error message username required"), 0): Object 'Object Repository/Page_Swag Labs/Error message username required' is present

2023-10-29 11:51:13 - [MESSAGE][WARNING] - Timeout '0' is invalid. Using default page load timeout: '30'

2023-10-29 11:51:14 - [MESSAGE][PASSED] - Object 'Object Repository/Page_Swag Labs/Error message username required' is present

2023-10-29 11:51:14 - [TEST_STEP][PASSED] - closeBrowser(): Browser is closed

2023-10-29 11:51:16 - [MESSAGE][PASSED] - Browser is closed]]></system-out>
         <system-err><![CDATA[]]></system-err>
      </testcase>
      <testcase name="Test Cases/Login/TS.Log.001 TC.Log.001.007 User click login without fill username and password" time="14.695" classname="Test Cases/Login/TS.Log.001 TC.Log.001.007 User click login without fill username and password" status="PASSED">
         <system-out><![CDATA[2023-10-29 11:51:16 - [TEST_CASE][PASSED] - Test Cases/Login/TS.Log.001 TC.Log.001.007 User click login without fill username and password: Test Cases/Login/TS.Log.001 TC.Log.001.007 User click login without fill username and password

2023-10-29 11:51:17 - [TEST_STEP][PASSED] - openBrowser(""): Browser is opened with url: ''

2023-10-29 11:51:17 - [MESSAGE][INFO] - Starting 'Chrome' driver

2023-10-29 11:51:17 - [MESSAGE][INFO] - Action delay is set to 0 milliseconds

2023-10-29 11:51:20 - [MESSAGE][PASSED] - Browser is opened with url: ''

2023-10-29 11:51:20 - [TEST_STEP][PASSED] - navigateToUrl("https://www.saucedemo.com/"): Navigate to 'https://www.saucedemo.com/' successfully

2023-10-29 11:51:22 - [MESSAGE][PASSED] - Navigate to 'https://www.saucedemo.com/' successfully

2023-10-29 11:51:22 - [TEST_STEP][PASSED] - click(findTestObject("Object Repository/Page_Swag Labs/button_login")): Object: 'Object Repository/Page_Swag Labs/button_login' is clicked on

2023-10-29 11:51:24 - [MESSAGE][PASSED] - Object: 'Object Repository/Page_Swag Labs/button_login' is clicked on

2023-10-29 11:51:24 - [TEST_STEP][PASSED] - verifyElementPresent(findTestObject("Page_Swag Labs/Error message username required"), 0): Object 'Object Repository/Page_Swag Labs/Error message username required' is present

2023-10-29 11:51:24 - [MESSAGE][WARNING] - Timeout '0' is invalid. Using default page load timeout: '30'

2023-10-29 11:51:25 - [MESSAGE][PASSED] - Object 'Object Repository/Page_Swag Labs/Error message username required' is present

2023-10-29 11:51:25 - [TEST_STEP][PASSED] - closeBrowser(): Browser is closed

2023-10-29 11:51:31 - [MESSAGE][PASSED] - Browser is closed]]></system-out>
         <system-err><![CDATA[]]></system-err>
      </testcase>
      <testcase name="Test Cases/Login/TS.Log.001 TC.Log.001.008 User logout" time="17.937" classname="Test Cases/Login/TS.Log.001 TC.Log.001.008 User logout" status="PASSED">
         <system-out><![CDATA[2023-10-29 11:51:31 - [TEST_CASE][PASSED] - Test Cases/Login/TS.Log.001 TC.Log.001.008 User logout: Test Cases/Login/TS.Log.001 TC.Log.001.008 User logout

2023-10-29 11:51:32 - [TEST_STEP][PASSED] - openBrowser(""): Browser is opened with url: ''

2023-10-29 11:51:32 - [MESSAGE][INFO] - Starting 'Chrome' driver

2023-10-29 11:51:32 - [MESSAGE][INFO] - Action delay is set to 0 milliseconds

2023-10-29 11:51:34 - [MESSAGE][PASSED] - Browser is opened with url: ''

2023-10-29 11:51:34 - [TEST_STEP][PASSED] - navigateToUrl("https://www.saucedemo.com/"): Navigate to 'https://www.saucedemo.com/' successfully

2023-10-29 11:51:37 - [MESSAGE][PASSED] - Navigate to 'https://www.saucedemo.com/' successfully

2023-10-29 11:51:37 - [TEST_STEP][PASSED] - setText(findTestObject("Object Repository/Page_Swag Labs/Username_field"), "standard_user"): Text 'standard_user' is set on object 'Object Repository/Page_Swag Labs/Username_field'

2023-10-29 11:51:43 - [MESSAGE][PASSED] - Text 'standard_user' is set on object 'Object Repository/Page_Swag Labs/Username_field'

2023-10-29 11:51:43 - [TEST_STEP][PASSED] - setEncryptedText(findTestObject("Object Repository/Page_Swag Labs/Password_field"), "qcu24s4901FyWDTwXGr6XA=="): Text ****** has been set on object 'Object Repository/Page_Swag Labs/Password_field'

2023-10-29 11:51:45 - [MESSAGE][PASSED] - Text ****** has been set on object 'Object Repository/Page_Swag Labs/Password_field'

2023-10-29 11:51:45 - [TEST_STEP][PASSED] - click(findTestObject("Object Repository/Page_Swag Labs/button_login")): Object: 'Object Repository/Page_Swag Labs/button_login' is clicked on

2023-10-29 11:51:46 - [MESSAGE][PASSED] - Object: 'Object Repository/Page_Swag Labs/button_login' is clicked on

2023-10-29 11:51:46 - [TEST_STEP][PASSED] - click(findTestObject("Page_Swag Labs/button_Open Menu")): Object: 'Object Repository/Page_Swag Labs/button_Open Menu' is clicked on

2023-10-29 11:51:46 - [MESSAGE][PASSED] - Object: 'Object Repository/Page_Swag Labs/button_Open Menu' is clicked on

2023-10-29 11:51:47 - [TEST_STEP][PASSED] - click(findTestObject("Page_Swag Labs/Logout")): Object: 'Object Repository/Page_Swag Labs/Logout' is clicked on

2023-10-29 11:51:47 - [MESSAGE][PASSED] - Object: 'Object Repository/Page_Swag Labs/Logout' is clicked on

2023-10-29 11:51:47 - [TEST_STEP][PASSED] - verifyElementPresent(findTestObject("Page_Swag Labs/Login page Swag Labs"), 0): Object 'Object Repository/Page_Swag Labs/Login page Swag Labs' is present

2023-10-29 11:51:47 - [MESSAGE][WARNING] - Timeout '0' is invalid. Using default page load timeout: '30'

2023-10-29 11:51:48 - [MESSAGE][PASSED] - Object 'Object Repository/Page_Swag Labs/Login page Swag Labs' is present

2023-10-29 11:51:48 - [TEST_STEP][PASSED] - closeBrowser(): Browser is closed

2023-10-29 11:51:49 - [MESSAGE][PASSED] - Browser is closed]]></system-out>
         <system-err><![CDATA[]]></system-err>
      </testcase>
      <system-out><![CDATA[2023-10-29 11:48:18 - [TEST_SUITE][PASSED] - Login Feature suite: Test Cases/Login/TS.Log.001 TC.Log.001.008 User logout]]></system-out>
      <system-err><![CDATA[]]></system-err>
   </testsuite>
</testsuites>
