<?xml version="1.0" encoding="UTF-8"?>
<testsuites name="Login Feature suite" time="137.03" tests="4" failures="0" errors="0">
   <testsuite name="Login Feature suite" tests="4" failures="0" errors="0" time="137.03" skipped="0" timestamp="2023-10-27 13:26:59" hostname="Fajar - 192.168.173.1" id="Test Suites/Login Feature suite">
      <properties>
         <property name="deviceName" value=""/>
         <property name="devicePlatform" value=""/>
         <property name="logFolder" value="D:\\Users\\Fajar\\git\\Testing_Saucedemo\\Reports\\20231027_132643\\Login Feature suite\\20231027_132644"/>
         <property name="logFiles" value="D:\\Users\\Fajar\\git\\Testing_Saucedemo\\Reports\\20231027_132643\\Login Feature suite\\20231027_132644\\execution0.log"/>
         <property name="attachments" value=""/>
         <property name="hostName" value="Fajar - 192.168.173.1"/>
         <property name="os" value="Windows 10 64bit"/>
         <property name="katalonVersion" value="8.6.8.208"/>
         <property name="browser" value="Chrome 118.0.0.0"/>
         <property name="hostAddress" value="192.168.173.1"/>
         <property name="sessionId" value="11516679ac8927be34b3805d5acd0413"/>
         <property name="seleniumVersion" value="3.141.59"/>
         <property name="proxyInformation" value="ProxyInformation { proxyOption=NO_PROXY, proxyServerType=HTTP, username=, password=********, proxyServerAddress=, proxyServerPort=0, executionList=&quot;&quot;, isApplyToDesiredCapabilities=true }"/>
         <property name="platform" value="Windows 10"/>
      </properties>
      <testcase name="Test Cases/Login/TS.Log.001 TC.Log.001.001 User login with valid credential" time="24.114" classname="Test Cases/Login/TS.Log.001 TC.Log.001.001 User login with valid credential" status="PASSED">
         <system-out><![CDATA[2023-10-27 13:27:00 - [TEST_CASE][PASSED] - Test Cases/Login/TS.Log.001 TC.Log.001.001 User login with valid credential: Test Cases/Login/TS.Log.001 TC.Log.001.001 User login with valid credential

2023-10-27 13:27:02 - [TEST_STEP][PASSED] - openBrowser(""): Browser is opened with url: ''

2023-10-27 13:27:03 - [MESSAGE][INFO] - Starting 'Chrome' driver

2023-10-27 13:27:03 - [MESSAGE][INFO] - Action delay is set to 0 milliseconds

2023-10-27 13:27:10 - [MESSAGE][PASSED] - Browser is opened with url: ''

2023-10-27 13:27:10 - [TEST_STEP][PASSED] - navigateToUrl("https://www.saucedemo.com/"): Navigate to 'https://www.saucedemo.com/' successfully

2023-10-27 13:27:11 - [MESSAGE][PASSED] - Navigate to 'https://www.saucedemo.com/' successfully

2023-10-27 13:27:11 - [TEST_STEP][PASSED] - setText(findTestObject("Object Repository/Page_Swag Labs/Username_field"), "standard_user"): Text 'standard_user' is set on object 'Object Repository/Page_Swag Labs/Username_field'

2023-10-27 13:27:14 - [MESSAGE][PASSED] - Text 'standard_user' is set on object 'Object Repository/Page_Swag Labs/Username_field'

2023-10-27 13:27:14 - [TEST_STEP][PASSED] - setEncryptedText(findTestObject("Object Repository/Page_Swag Labs/Password_field"), "qcu24s4901FyWDTwXGr6XA=="): Text ****** has been set on object 'Object Repository/Page_Swag Labs/Password_field'

2023-10-27 13:27:16 - [MESSAGE][PASSED] - Text ****** has been set on object 'Object Repository/Page_Swag Labs/Password_field'

2023-10-27 13:27:16 - [TEST_STEP][PASSED] - click(findTestObject("Object Repository/Page_Swag Labs/button_login")): Object: 'Object Repository/Page_Swag Labs/button_login' is clicked on

2023-10-27 13:27:19 - [MESSAGE][PASSED] - Object: 'Object Repository/Page_Swag Labs/button_login' is clicked on

2023-10-27 13:27:19 - [TEST_STEP][PASSED] - closeBrowser(): Browser is closed

2023-10-27 13:27:24 - [MESSAGE][PASSED] - Browser is closed]]></system-out>
         <system-err><![CDATA[]]></system-err>
      </testcase>
      <testcase name="Test Cases/Login/TS.Log.001 TC.Log.001.002 User login with unregistered username and password" time="27.397" classname="Test Cases/Login/TS.Log.001 TC.Log.001.002 User login with unregistered username and password" status="PASSED">
         <system-out><![CDATA[2023-10-27 13:27:24 - [TEST_CASE][PASSED] - Test Cases/Login/TS.Log.001 TC.Log.001.002 User login with unregistered username and password: Test Cases/Login/TS.Log.001 TC.Log.001.002 User login with unregistered username and password

2023-10-27 13:27:25 - [TEST_STEP][PASSED] - openBrowser(""): Browser is opened with url: ''

2023-10-27 13:27:25 - [MESSAGE][INFO] - Starting 'Chrome' driver

2023-10-27 13:27:25 - [MESSAGE][INFO] - Action delay is set to 0 milliseconds

2023-10-27 13:27:29 - [MESSAGE][PASSED] - Browser is opened with url: ''

2023-10-27 13:27:29 - [TEST_STEP][PASSED] - navigateToUrl("https://www.saucedemo.com/"): Navigate to 'https://www.saucedemo.com/' successfully

2023-10-27 13:27:30 - [MESSAGE][PASSED] - Navigate to 'https://www.saucedemo.com/' successfully

2023-10-27 13:27:30 - [TEST_STEP][PASSED] - setText(findTestObject("Page_Swag Labs/Username_field"), "test salah"): Text 'test salah' is set on object 'Object Repository/Page_Swag Labs/Username_field'

2023-10-27 13:27:33 - [MESSAGE][PASSED] - Text 'test salah' is set on object 'Object Repository/Page_Swag Labs/Username_field'

2023-10-27 13:27:33 - [TEST_STEP][PASSED] - setEncryptedText(findTestObject("Object Repository/Page_Swag Labs/Password_field"), "xDH/NDxr8Nk91RcxWnF9Qg=="): Text ****** has been set on object 'Object Repository/Page_Swag Labs/Password_field'

2023-10-27 13:27:34 - [MESSAGE][PASSED] - Text ****** has been set on object 'Object Repository/Page_Swag Labs/Password_field'

2023-10-27 13:27:34 - [TEST_STEP][PASSED] - click(findTestObject("Object Repository/Page_Swag Labs/button_login")): Object: 'Object Repository/Page_Swag Labs/button_login' is clicked on

2023-10-27 13:27:35 - [MESSAGE][PASSED] - Object: 'Object Repository/Page_Swag Labs/button_login' is clicked on

2023-10-27 13:27:35 - [TEST_STEP][PASSED] - verifyElementPresent(findTestObject("Page_Swag Labs/Error message login"), 0): Object 'Object Repository/Page_Swag Labs/Error message login' is present

2023-10-27 13:27:35 - [MESSAGE][WARNING] - Timeout '0' is invalid. Using default page load timeout: '30'

2023-10-27 13:27:51 - [MESSAGE][PASSED] - Object 'Object Repository/Page_Swag Labs/Error message login' is present

2023-10-27 13:27:51 - [TEST_STEP][PASSED] - closeBrowser(): Browser is closed

2023-10-27 13:27:52 - [MESSAGE][PASSED] - Browser is closed]]></system-out>
         <system-err><![CDATA[]]></system-err>
      </testcase>
      <testcase name="Test Cases/Login/TS.Log.001 TC.Log.001.003 User login with unregistered username and valid password" time="43.21" classname="Test Cases/Login/TS.Log.001 TC.Log.001.003 User login with unregistered username and valid password" status="PASSED">
         <system-out><![CDATA[2023-10-27 13:27:52 - [TEST_CASE][PASSED] - Test Cases/Login/TS.Log.001 TC.Log.001.003 User login with unregistered username and valid password: Test Cases/Login/TS.Log.001 TC.Log.001.003 User login with unregistered username and valid password

2023-10-27 13:27:52 - [TEST_STEP][PASSED] - openBrowser(""): Browser is opened with url: ''

2023-10-27 13:27:53 - [MESSAGE][INFO] - Starting 'Chrome' driver

2023-10-27 13:27:53 - [MESSAGE][INFO] - Action delay is set to 0 milliseconds

2023-10-27 13:27:55 - [MESSAGE][PASSED] - Browser is opened with url: ''

2023-10-27 13:27:55 - [TEST_STEP][PASSED] - navigateToUrl("https://www.saucedemo.com/"): Navigate to 'https://www.saucedemo.com/' successfully

2023-10-27 13:27:56 - [MESSAGE][PASSED] - Navigate to 'https://www.saucedemo.com/' successfully

2023-10-27 13:27:56 - [TEST_STEP][PASSED] - setText(findTestObject("Page_Swag Labs/Username_field"), "test salah"): Text 'test salah' is set on object 'Object Repository/Page_Swag Labs/Username_field'

2023-10-27 13:28:00 - [MESSAGE][PASSED] - Text 'test salah' is set on object 'Object Repository/Page_Swag Labs/Username_field'

2023-10-27 13:28:00 - [TEST_STEP][PASSED] - setEncryptedText(findTestObject("Object Repository/Page_Swag Labs/Password_field"), "qcu24s4901FyWDTwXGr6XA=="): Text ****** has been set on object 'Object Repository/Page_Swag Labs/Password_field'

2023-10-27 13:28:01 - [MESSAGE][PASSED] - Text ****** has been set on object 'Object Repository/Page_Swag Labs/Password_field'

2023-10-27 13:28:01 - [TEST_STEP][PASSED] - click(findTestObject("Object Repository/Page_Swag Labs/button_login")): Object: 'Object Repository/Page_Swag Labs/button_login' is clicked on

2023-10-27 13:28:03 - [MESSAGE][PASSED] - Object: 'Object Repository/Page_Swag Labs/button_login' is clicked on

2023-10-27 13:28:03 - [TEST_STEP][PASSED] - verifyElementPresent(findTestObject("Page_Swag Labs/Error message login"), 0): Object 'Object Repository/Page_Swag Labs/Error message login' is present

2023-10-27 13:28:03 - [MESSAGE][WARNING] - Timeout '0' is invalid. Using default page load timeout: '30'

2023-10-27 13:28:33 - [MESSAGE][PASSED] - Object 'Object Repository/Page_Swag Labs/Error message login' is present

2023-10-27 13:28:33 - [TEST_STEP][PASSED] - closeBrowser(): Browser is closed

2023-10-27 13:28:35 - [MESSAGE][PASSED] - Browser is closed]]></system-out>
         <system-err><![CDATA[]]></system-err>
      </testcase>
      <testcase name="Test Cases/Login/TS.Log.001 TC.Log.001.004 User login with registered username and invalid password" time="41.429" classname="Test Cases/Login/TS.Log.001 TC.Log.001.004 User login with registered username and invalid password" status="PASSED">
         <system-out><![CDATA[2023-10-27 13:28:35 - [TEST_CASE][PASSED] - Test Cases/Login/TS.Log.001 TC.Log.001.004 User login with registered username and invalid password: Test Cases/Login/TS.Log.001 TC.Log.001.004 User login with registered username and invalid password

2023-10-27 13:28:36 - [TEST_STEP][PASSED] - openBrowser(""): Browser is opened with url: ''

2023-10-27 13:28:36 - [MESSAGE][INFO] - Starting 'Chrome' driver

2023-10-27 13:28:36 - [MESSAGE][INFO] - Action delay is set to 0 milliseconds

2023-10-27 13:28:38 - [MESSAGE][PASSED] - Browser is opened with url: ''

2023-10-27 13:28:38 - [TEST_STEP][PASSED] - navigateToUrl("https://www.saucedemo.com/"): Navigate to 'https://www.saucedemo.com/' successfully

2023-10-27 13:28:40 - [MESSAGE][PASSED] - Navigate to 'https://www.saucedemo.com/' successfully

2023-10-27 13:28:40 - [TEST_STEP][PASSED] - setText(findTestObject("Page_Swag Labs/Username_field"), "standard_user"): Text 'standard_user' is set on object 'Object Repository/Page_Swag Labs/Username_field'

2023-10-27 13:28:43 - [MESSAGE][PASSED] - Text 'standard_user' is set on object 'Object Repository/Page_Swag Labs/Username_field'

2023-10-27 13:28:43 - [TEST_STEP][PASSED] - setEncryptedText(findTestObject("Object Repository/Page_Swag Labs/Password_field"), "FMpJ+xZn0jDKm5OtYfOeUQ=="): Text ****** has been set on object 'Object Repository/Page_Swag Labs/Password_field'

2023-10-27 13:28:44 - [MESSAGE][PASSED] - Text ****** has been set on object 'Object Repository/Page_Swag Labs/Password_field'

2023-10-27 13:28:44 - [TEST_STEP][PASSED] - click(findTestObject("Object Repository/Page_Swag Labs/button_login")): Object: 'Object Repository/Page_Swag Labs/button_login' is clicked on

2023-10-27 13:28:45 - [MESSAGE][PASSED] - Object: 'Object Repository/Page_Swag Labs/button_login' is clicked on

2023-10-27 13:28:45 - [TEST_STEP][PASSED] - verifyElementPresent(findTestObject("Page_Swag Labs/Error message login"), 0): Object 'Object Repository/Page_Swag Labs/Error message login' is present

2023-10-27 13:28:45 - [MESSAGE][WARNING] - Timeout '0' is invalid. Using default page load timeout: '30'

2023-10-27 13:29:15 - [MESSAGE][PASSED] - Object 'Object Repository/Page_Swag Labs/Error message login' is present

2023-10-27 13:29:15 - [TEST_STEP][PASSED] - closeBrowser(): Browser is closed

2023-10-27 13:29:16 - [MESSAGE][PASSED] - Browser is closed]]></system-out>
         <system-err><![CDATA[]]></system-err>
      </testcase>
      <system-out><![CDATA[2023-10-27 13:26:59 - [TEST_SUITE][PASSED] - Login Feature suite: Test Cases/Login/TS.Log.001 TC.Log.001.004 User login with registered username and invalid password]]></system-out>
      <system-err><![CDATA[]]></system-err>
   </testsuite>
</testsuites>
