<?xml version="1.0" encoding="UTF-8"?>
<testsuites name="Checkout Feature Suite" time="120.607" tests="5" failures="0" errors="0">
   <testsuite name="Checkout Feature Suite" tests="5" failures="0" errors="0" time="120.607" skipped="0" timestamp="2023-10-30 19:46:22" hostname="Fajar - 192.168.173.1" id="Test Suites/Checkout Feature Suite">
      <properties>
         <property name="deviceName" value=""/>
         <property name="devicePlatform" value=""/>
         <property name="logFolder" value="D:\\Users\\Fajar\\git\\Testing_Saucedemo\\Reports\\20231030_194614\\Checkout Feature Suite\\20231030_194614"/>
         <property name="logFiles" value="D:\\Users\\Fajar\\git\\Testing_Saucedemo\\Reports\\20231030_194614\\Checkout Feature Suite\\20231030_194614\\execution0.log"/>
         <property name="attachments" value=""/>
         <property name="hostName" value="Fajar - 192.168.173.1"/>
         <property name="os" value="Windows 10 64bit"/>
         <property name="katalonVersion" value="8.6.8.208"/>
         <property name="browser" value="Chrome 118.0.0.0"/>
         <property name="hostAddress" value="192.168.173.1"/>
         <property name="sessionId" value="04f0cbb3448f8c437d3a418bb4f6de7f"/>
         <property name="seleniumVersion" value="3.141.59"/>
         <property name="proxyInformation" value="ProxyInformation { proxyOption=NO_PROXY, proxyServerType=HTTP, username=, password=********, proxyServerAddress=, proxyServerPort=0, executionList=&quot;&quot;, isApplyToDesiredCapabilities=true }"/>
         <property name="platform" value="Windows 10"/>
      </properties>
      <testcase name="Test Cases/Checkout/TS.Log.003 TC.Log.003.001 User checkout the item in the cart" time="29.223" classname="Test Cases/Checkout/TS.Log.003 TC.Log.003.001 User checkout the item in the cart" status="PASSED">
         <system-out><![CDATA[2023-10-30 19:46:23 - [TEST_CASE][PASSED] - Test Cases/Checkout/TS.Log.003 TC.Log.003.001 User checkout the item in the cart: Test Cases/Checkout/TS.Log.003 TC.Log.003.001 User checkout the item in the cart

2023-10-30 19:46:24 - [TEST_STEP][PASSED] - openBrowser(""): Browser is opened with url: ''

2023-10-30 19:46:25 - [MESSAGE][INFO] - Starting 'Chrome' driver

2023-10-30 19:46:25 - [MESSAGE][INFO] - Action delay is set to 0 milliseconds

2023-10-30 19:46:30 - [MESSAGE][PASSED] - Browser is opened with url: ''

2023-10-30 19:46:30 - [TEST_STEP][PASSED] - navigateToUrl("https://www.saucedemo.com/"): Navigate to 'https://www.saucedemo.com/' successfully

2023-10-30 19:46:32 - [MESSAGE][PASSED] - Navigate to 'https://www.saucedemo.com/' successfully

2023-10-30 19:46:32 - [TEST_STEP][PASSED] - setText(findTestObject("Page_Swag Labs/Username_field"), "standard_user"): Text 'standard_user' is set on object 'Object Repository/Page_Swag Labs/Username_field'

2023-10-30 19:46:35 - [MESSAGE][PASSED] - Text 'standard_user' is set on object 'Object Repository/Page_Swag Labs/Username_field'

2023-10-30 19:46:35 - [TEST_STEP][PASSED] - setEncryptedText(findTestObject("Page_Swag Labs/Password_field"), "qcu24s4901FyWDTwXGr6XA=="): Text ****** has been set on object 'Object Repository/Page_Swag Labs/Password_field'

2023-10-30 19:46:36 - [MESSAGE][PASSED] - Text ****** has been set on object 'Object Repository/Page_Swag Labs/Password_field'

2023-10-30 19:46:36 - [TEST_STEP][PASSED] - click(findTestObject("Page_Swag Labs/button_login")): Object: 'Object Repository/Page_Swag Labs/button_login' is clicked on

2023-10-30 19:46:38 - [MESSAGE][PASSED] - Object: 'Object Repository/Page_Swag Labs/button_login' is clicked on

2023-10-30 19:46:38 - [TEST_STEP][PASSED] - click(findTestObject("Page_Swag Labs/Title item Labs Backpack")): Object: 'Object Repository/Page_Swag Labs/Title item Labs Backpack' is clicked on

2023-10-30 19:46:39 - [MESSAGE][PASSED] - Object: 'Object Repository/Page_Swag Labs/Title item Labs Backpack' is clicked on

2023-10-30 19:46:39 - [TEST_STEP][PASSED] - click(findTestObject("Page_Swag Labs/button_Add to cart")): Object: 'Object Repository/Page_Swag Labs/button_Add to cart' is clicked on

2023-10-30 19:46:41 - [MESSAGE][PASSED] - Object: 'Object Repository/Page_Swag Labs/button_Add to cart' is clicked on

2023-10-30 19:46:41 - [TEST_STEP][PASSED] - verifyElementPresent(findTestObject("Page_Swag Labs/Cart pop up number"), 0): Object 'Object Repository/Page_Swag Labs/Cart pop up number' is present

2023-10-30 19:46:41 - [MESSAGE][WARNING] - Timeout '0' is invalid. Using default page load timeout: '30'

2023-10-30 19:46:42 - [MESSAGE][PASSED] - Object 'Object Repository/Page_Swag Labs/Cart pop up number' is present

2023-10-30 19:46:42 - [TEST_STEP][PASSED] - click(findTestObject("Page_Swag Labs/Cart Icon")): Object: 'Object Repository/Page_Swag Labs/Cart Icon' is clicked on

2023-10-30 19:46:43 - [MESSAGE][PASSED] - Object: 'Object Repository/Page_Swag Labs/Cart Icon' is clicked on

2023-10-30 19:46:43 - [TEST_STEP][PASSED] - verifyElementPresent(findTestObject("Page_Swag Labs/Title item Labs Backpack"), 0): Object 'Object Repository/Page_Swag Labs/Title item Labs Backpack' is present

2023-10-30 19:46:43 - [MESSAGE][WARNING] - Timeout '0' is invalid. Using default page load timeout: '30'

2023-10-30 19:46:45 - [MESSAGE][PASSED] - Object 'Object Repository/Page_Swag Labs/Title item Labs Backpack' is present

2023-10-30 19:46:45 - [TEST_STEP][PASSED] - click(findTestObject("Page_Swag Labs/button Checkout")): Object: 'Object Repository/Page_Swag Labs/button Checkout' is clicked on

2023-10-30 19:46:46 - [MESSAGE][PASSED] - Object: 'Object Repository/Page_Swag Labs/button Checkout' is clicked on

2023-10-30 19:46:46 - [TEST_STEP][PASSED] - setText(findTestObject("Page_Swag Labs/firstName field"), "Fajar"): Text 'Fajar' is set on object 'Object Repository/Page_Swag Labs/firstName field'

2023-10-30 19:46:47 - [MESSAGE][PASSED] - Text 'Fajar' is set on object 'Object Repository/Page_Swag Labs/firstName field'

2023-10-30 19:46:47 - [TEST_STEP][PASSED] - setText(findTestObject("Page_Swag Labs/lastName field"), "Irawan"): Text 'Irawan' is set on object 'Object Repository/Page_Swag Labs/lastName field'

2023-10-30 19:46:48 - [MESSAGE][PASSED] - Text 'Irawan' is set on object 'Object Repository/Page_Swag Labs/lastName field'

2023-10-30 19:46:48 - [TEST_STEP][PASSED] - setText(findTestObject("Page_Swag Labs/postalCode field"), "15151"): Text '15151' is set on object 'Object Repository/Page_Swag Labs/postalCode field'

2023-10-30 19:46:49 - [MESSAGE][PASSED] - Text '15151' is set on object 'Object Repository/Page_Swag Labs/postalCode field'

2023-10-30 19:46:49 - [TEST_STEP][PASSED] - click(findTestObject("Page_Swag Labs/button Continue")): Object: 'Object Repository/Page_Swag Labs/button Continue' is clicked on

2023-10-30 19:46:49 - [MESSAGE][PASSED] - Object: 'Object Repository/Page_Swag Labs/button Continue' is clicked on

2023-10-30 19:46:49 - [TEST_STEP][PASSED] - verifyElementPresent(findTestObject("Page_Swag Labs/order information"), 0): Object 'Object Repository/Page_Swag Labs/order information' is present

2023-10-30 19:46:50 - [MESSAGE][WARNING] - Timeout '0' is invalid. Using default page load timeout: '30'

2023-10-30 19:46:50 - [MESSAGE][PASSED] - Object 'Object Repository/Page_Swag Labs/order information' is present

2023-10-30 19:46:50 - [TEST_STEP][PASSED] - click(findTestObject("Page_Swag Labs/button Finish")): Object: 'Object Repository/Page_Swag Labs/button Finish' is clicked on

2023-10-30 19:46:50 - [MESSAGE][PASSED] - Object: 'Object Repository/Page_Swag Labs/button Finish' is clicked on

2023-10-30 19:46:50 - [TEST_STEP][PASSED] - verifyElementPresent(findTestObject("Page_Swag Labs/Text Checkout Complete"), 0): Object 'Object Repository/Page_Swag Labs/Text Checkout Complete' is present

2023-10-30 19:46:51 - [MESSAGE][WARNING] - Timeout '0' is invalid. Using default page load timeout: '30'

2023-10-30 19:46:51 - [MESSAGE][PASSED] - Object 'Object Repository/Page_Swag Labs/Text Checkout Complete' is present

2023-10-30 19:46:51 - [TEST_STEP][PASSED] - closeBrowser(): Browser is closed

2023-10-30 19:46:52 - [MESSAGE][PASSED] - Browser is closed]]></system-out>
         <system-err><![CDATA[]]></system-err>
      </testcase>
      <testcase name="Test Cases/Checkout/TS.Log.003 TC.Log.003.002 User checkout the items without filling the first name field" time="24.771" classname="Test Cases/Checkout/TS.Log.003 TC.Log.003.002 User checkout the items without filling the first name field" status="PASSED">
         <system-out><![CDATA[2023-10-30 19:46:52 - [TEST_CASE][PASSED] - Test Cases/Checkout/TS.Log.003 TC.Log.003.002 User checkout the items without filling the first name field: Test Cases/Checkout/TS.Log.003 TC.Log.003.002 User checkout the items without filling the first name field

2023-10-30 19:46:53 - [TEST_STEP][PASSED] - openBrowser(""): Browser is opened with url: ''

2023-10-30 19:46:53 - [MESSAGE][INFO] - Starting 'Chrome' driver

2023-10-30 19:46:53 - [MESSAGE][INFO] - Action delay is set to 0 milliseconds

2023-10-30 19:46:55 - [MESSAGE][PASSED] - Browser is opened with url: ''

2023-10-30 19:46:55 - [TEST_STEP][PASSED] - navigateToUrl("https://www.saucedemo.com/"): Navigate to 'https://www.saucedemo.com/' successfully

2023-10-30 19:46:57 - [MESSAGE][PASSED] - Navigate to 'https://www.saucedemo.com/' successfully

2023-10-30 19:46:57 - [TEST_STEP][PASSED] - setText(findTestObject("Page_Swag Labs/Username_field"), "standard_user"): Text 'standard_user' is set on object 'Object Repository/Page_Swag Labs/Username_field'

2023-10-30 19:47:00 - [MESSAGE][PASSED] - Text 'standard_user' is set on object 'Object Repository/Page_Swag Labs/Username_field'

2023-10-30 19:47:00 - [TEST_STEP][PASSED] - setEncryptedText(findTestObject("Page_Swag Labs/Password_field"), "qcu24s4901FyWDTwXGr6XA=="): Text ****** has been set on object 'Object Repository/Page_Swag Labs/Password_field'

2023-10-30 19:47:01 - [MESSAGE][PASSED] - Text ****** has been set on object 'Object Repository/Page_Swag Labs/Password_field'

2023-10-30 19:47:01 - [TEST_STEP][PASSED] - click(findTestObject("Page_Swag Labs/button_login")): Object: 'Object Repository/Page_Swag Labs/button_login' is clicked on

2023-10-30 19:47:02 - [MESSAGE][PASSED] - Object: 'Object Repository/Page_Swag Labs/button_login' is clicked on

2023-10-30 19:47:02 - [TEST_STEP][PASSED] - click(findTestObject("Page_Swag Labs/Title item Labs Backpack")): Object: 'Object Repository/Page_Swag Labs/Title item Labs Backpack' is clicked on

2023-10-30 19:47:03 - [MESSAGE][PASSED] - Object: 'Object Repository/Page_Swag Labs/Title item Labs Backpack' is clicked on

2023-10-30 19:47:03 - [TEST_STEP][PASSED] - click(findTestObject("Page_Swag Labs/button_Add to cart")): Object: 'Object Repository/Page_Swag Labs/button_Add to cart' is clicked on

2023-10-30 19:47:05 - [MESSAGE][PASSED] - Object: 'Object Repository/Page_Swag Labs/button_Add to cart' is clicked on

2023-10-30 19:47:05 - [TEST_STEP][PASSED] - verifyElementPresent(findTestObject("Page_Swag Labs/Cart pop up number"), 0): Object 'Object Repository/Page_Swag Labs/Cart pop up number' is present

2023-10-30 19:47:05 - [MESSAGE][WARNING] - Timeout '0' is invalid. Using default page load timeout: '30'

2023-10-30 19:47:06 - [MESSAGE][PASSED] - Object 'Object Repository/Page_Swag Labs/Cart pop up number' is present

2023-10-30 19:47:06 - [TEST_STEP][PASSED] - click(findTestObject("Page_Swag Labs/Cart Icon")): Object: 'Object Repository/Page_Swag Labs/Cart Icon' is clicked on

2023-10-30 19:47:09 - [MESSAGE][PASSED] - Object: 'Object Repository/Page_Swag Labs/Cart Icon' is clicked on

2023-10-30 19:47:09 - [TEST_STEP][PASSED] - verifyElementPresent(findTestObject("Page_Swag Labs/Title item Labs Backpack"), 0): Object 'Object Repository/Page_Swag Labs/Title item Labs Backpack' is present

2023-10-30 19:47:09 - [MESSAGE][WARNING] - Timeout '0' is invalid. Using default page load timeout: '30'

2023-10-30 19:47:11 - [MESSAGE][PASSED] - Object 'Object Repository/Page_Swag Labs/Title item Labs Backpack' is present

2023-10-30 19:47:11 - [TEST_STEP][PASSED] - click(findTestObject("Page_Swag Labs/button Checkout")): Object: 'Object Repository/Page_Swag Labs/button Checkout' is clicked on

2023-10-30 19:47:12 - [MESSAGE][PASSED] - Object: 'Object Repository/Page_Swag Labs/button Checkout' is clicked on

2023-10-30 19:47:12 - [TEST_STEP][PASSED] - setText(findTestObject("Page_Swag Labs/lastName field"), "Irawan"): Text 'Irawan' is set on object 'Object Repository/Page_Swag Labs/lastName field'

2023-10-30 19:47:13 - [MESSAGE][PASSED] - Text 'Irawan' is set on object 'Object Repository/Page_Swag Labs/lastName field'

2023-10-30 19:47:13 - [TEST_STEP][PASSED] - setText(findTestObject("Page_Swag Labs/postalCode field"), "15151"): Text '15151' is set on object 'Object Repository/Page_Swag Labs/postalCode field'

2023-10-30 19:47:14 - [MESSAGE][PASSED] - Text '15151' is set on object 'Object Repository/Page_Swag Labs/postalCode field'

2023-10-30 19:47:14 - [TEST_STEP][PASSED] - click(findTestObject("Page_Swag Labs/button Continue")): Object: 'Object Repository/Page_Swag Labs/button Continue' is clicked on

2023-10-30 19:47:15 - [MESSAGE][PASSED] - Object: 'Object Repository/Page_Swag Labs/button Continue' is clicked on

2023-10-30 19:47:15 - [TEST_STEP][PASSED] - verifyElementPresent(findTestObject("Page_Swag Labs/error message first name required"), 0): Object 'Object Repository/Page_Swag Labs/error message first name required' is present

2023-10-30 19:47:15 - [MESSAGE][WARNING] - Timeout '0' is invalid. Using default page load timeout: '30'

2023-10-30 19:47:15 - [MESSAGE][PASSED] - Object 'Object Repository/Page_Swag Labs/error message first name required' is present

2023-10-30 19:47:15 - [TEST_STEP][PASSED] - closeBrowser(): Browser is closed

2023-10-30 19:47:17 - [MESSAGE][PASSED] - Browser is closed]]></system-out>
         <system-err><![CDATA[]]></system-err>
      </testcase>
      <testcase name="Test Cases/Checkout/TS.Log.003 TC.Log.003.003 User checkout the items without filling the second name field" time="22.994" classname="Test Cases/Checkout/TS.Log.003 TC.Log.003.003 User checkout the items without filling the second name field" status="PASSED">
         <system-out><![CDATA[2023-10-30 19:47:17 - [TEST_CASE][PASSED] - Test Cases/Checkout/TS.Log.003 TC.Log.003.003 User checkout the items without filling the second name field: Test Cases/Checkout/TS.Log.003 TC.Log.003.003 User checkout the items without filling the second name field

2023-10-30 19:47:18 - [TEST_STEP][PASSED] - openBrowser(""): Browser is opened with url: ''

2023-10-30 19:47:18 - [MESSAGE][INFO] - Starting 'Chrome' driver

2023-10-30 19:47:18 - [MESSAGE][INFO] - Action delay is set to 0 milliseconds

2023-10-30 19:47:21 - [MESSAGE][PASSED] - Browser is opened with url: ''

2023-10-30 19:47:21 - [TEST_STEP][PASSED] - navigateToUrl("https://www.saucedemo.com/"): Navigate to 'https://www.saucedemo.com/' successfully

2023-10-30 19:47:22 - [MESSAGE][PASSED] - Navigate to 'https://www.saucedemo.com/' successfully

2023-10-30 19:47:22 - [TEST_STEP][PASSED] - setText(findTestObject("Page_Swag Labs/Username_field"), "standard_user"): Text 'standard_user' is set on object 'Object Repository/Page_Swag Labs/Username_field'

2023-10-30 19:47:25 - [MESSAGE][PASSED] - Text 'standard_user' is set on object 'Object Repository/Page_Swag Labs/Username_field'

2023-10-30 19:47:25 - [TEST_STEP][PASSED] - setEncryptedText(findTestObject("Page_Swag Labs/Password_field"), "qcu24s4901FyWDTwXGr6XA=="): Text ****** has been set on object 'Object Repository/Page_Swag Labs/Password_field'

2023-10-30 19:47:26 - [MESSAGE][PASSED] - Text ****** has been set on object 'Object Repository/Page_Swag Labs/Password_field'

2023-10-30 19:47:26 - [TEST_STEP][PASSED] - click(findTestObject("Page_Swag Labs/button_login")): Object: 'Object Repository/Page_Swag Labs/button_login' is clicked on

2023-10-30 19:47:27 - [MESSAGE][PASSED] - Object: 'Object Repository/Page_Swag Labs/button_login' is clicked on

2023-10-30 19:47:27 - [TEST_STEP][PASSED] - click(findTestObject("Page_Swag Labs/Title item Labs Backpack")): Object: 'Object Repository/Page_Swag Labs/Title item Labs Backpack' is clicked on

2023-10-30 19:47:28 - [MESSAGE][PASSED] - Object: 'Object Repository/Page_Swag Labs/Title item Labs Backpack' is clicked on

2023-10-30 19:47:28 - [TEST_STEP][PASSED] - click(findTestObject("Page_Swag Labs/button_Add to cart")): Object: 'Object Repository/Page_Swag Labs/button_Add to cart' is clicked on

2023-10-30 19:47:30 - [MESSAGE][PASSED] - Object: 'Object Repository/Page_Swag Labs/button_Add to cart' is clicked on

2023-10-30 19:47:30 - [TEST_STEP][PASSED] - verifyElementPresent(findTestObject("Page_Swag Labs/Cart pop up number"), 0): Object 'Object Repository/Page_Swag Labs/Cart pop up number' is present

2023-10-30 19:47:30 - [MESSAGE][WARNING] - Timeout '0' is invalid. Using default page load timeout: '30'

2023-10-30 19:47:32 - [MESSAGE][PASSED] - Object 'Object Repository/Page_Swag Labs/Cart pop up number' is present

2023-10-30 19:47:32 - [TEST_STEP][PASSED] - click(findTestObject("Page_Swag Labs/Cart Icon")): Object: 'Object Repository/Page_Swag Labs/Cart Icon' is clicked on

2023-10-30 19:47:33 - [MESSAGE][PASSED] - Object: 'Object Repository/Page_Swag Labs/Cart Icon' is clicked on

2023-10-30 19:47:33 - [TEST_STEP][PASSED] - verifyElementPresent(findTestObject("Page_Swag Labs/Title item Labs Backpack"), 0): Object 'Object Repository/Page_Swag Labs/Title item Labs Backpack' is present

2023-10-30 19:47:33 - [MESSAGE][WARNING] - Timeout '0' is invalid. Using default page load timeout: '30'

2023-10-30 19:47:33 - [MESSAGE][PASSED] - Object 'Object Repository/Page_Swag Labs/Title item Labs Backpack' is present

2023-10-30 19:47:33 - [TEST_STEP][PASSED] - click(findTestObject("Page_Swag Labs/button Checkout")): Object: 'Object Repository/Page_Swag Labs/button Checkout' is clicked on

2023-10-30 19:47:36 - [MESSAGE][PASSED] - Object: 'Object Repository/Page_Swag Labs/button Checkout' is clicked on

2023-10-30 19:47:36 - [TEST_STEP][PASSED] - setText(findTestObject("Page_Swag Labs/firstName field"), "Fajar"): Text 'Fajar' is set on object 'Object Repository/Page_Swag Labs/firstName field'

2023-10-30 19:47:37 - [MESSAGE][PASSED] - Text 'Fajar' is set on object 'Object Repository/Page_Swag Labs/firstName field'

2023-10-30 19:47:37 - [TEST_STEP][PASSED] - setText(findTestObject("Page_Swag Labs/postalCode field"), "15151"): Text '15151' is set on object 'Object Repository/Page_Swag Labs/postalCode field'

2023-10-30 19:47:38 - [MESSAGE][PASSED] - Text '15151' is set on object 'Object Repository/Page_Swag Labs/postalCode field'

2023-10-30 19:47:38 - [TEST_STEP][PASSED] - click(findTestObject("Page_Swag Labs/button Continue")): Object: 'Object Repository/Page_Swag Labs/button Continue' is clicked on

2023-10-30 19:47:38 - [MESSAGE][PASSED] - Object: 'Object Repository/Page_Swag Labs/button Continue' is clicked on

2023-10-30 19:47:38 - [TEST_STEP][PASSED] - verifyElementPresent(findTestObject("Page_Swag Labs/error message second name required"), 0): Object 'Object Repository/Page_Swag Labs/error message second name required' is present

2023-10-30 19:47:38 - [MESSAGE][WARNING] - Timeout '0' is invalid. Using default page load timeout: '30'

2023-10-30 19:47:39 - [MESSAGE][PASSED] - Object 'Object Repository/Page_Swag Labs/error message second name required' is present

2023-10-30 19:47:39 - [TEST_STEP][PASSED] - closeBrowser(): Browser is closed

2023-10-30 19:47:40 - [MESSAGE][PASSED] - Browser is closed]]></system-out>
         <system-err><![CDATA[]]></system-err>
      </testcase>
      <testcase name="Test Cases/Checkout/TS.Log.003 TC.Log.003.004 User checkout the items without filling the zip code field" time="22.089" classname="Test Cases/Checkout/TS.Log.003 TC.Log.003.004 User checkout the items without filling the zip code field" status="PASSED">
         <system-out><![CDATA[2023-10-30 19:47:40 - [TEST_CASE][PASSED] - Test Cases/Checkout/TS.Log.003 TC.Log.003.004 User checkout the items without filling the zip code field: Test Cases/Checkout/TS.Log.003 TC.Log.003.004 User checkout the items without filling the zip code field

2023-10-30 19:47:40 - [TEST_STEP][PASSED] - openBrowser(""): Browser is opened with url: ''

2023-10-30 19:47:40 - [MESSAGE][INFO] - Starting 'Chrome' driver

2023-10-30 19:47:40 - [MESSAGE][INFO] - Action delay is set to 0 milliseconds

2023-10-30 19:47:43 - [MESSAGE][PASSED] - Browser is opened with url: ''

2023-10-30 19:47:43 - [TEST_STEP][PASSED] - navigateToUrl("https://www.saucedemo.com/"): Navigate to 'https://www.saucedemo.com/' successfully

2023-10-30 19:47:44 - [MESSAGE][PASSED] - Navigate to 'https://www.saucedemo.com/' successfully

2023-10-30 19:47:44 - [TEST_STEP][PASSED] - setText(findTestObject("Page_Swag Labs/Username_field"), "standard_user"): Text 'standard_user' is set on object 'Object Repository/Page_Swag Labs/Username_field'

2023-10-30 19:47:47 - [MESSAGE][PASSED] - Text 'standard_user' is set on object 'Object Repository/Page_Swag Labs/Username_field'

2023-10-30 19:47:47 - [TEST_STEP][PASSED] - setEncryptedText(findTestObject("Page_Swag Labs/Password_field"), "qcu24s4901FyWDTwXGr6XA=="): Text ****** has been set on object 'Object Repository/Page_Swag Labs/Password_field'

2023-10-30 19:47:48 - [MESSAGE][PASSED] - Text ****** has been set on object 'Object Repository/Page_Swag Labs/Password_field'

2023-10-30 19:47:48 - [TEST_STEP][PASSED] - click(findTestObject("Page_Swag Labs/button_login")): Object: 'Object Repository/Page_Swag Labs/button_login' is clicked on

2023-10-30 19:47:49 - [MESSAGE][PASSED] - Object: 'Object Repository/Page_Swag Labs/button_login' is clicked on

2023-10-30 19:47:49 - [TEST_STEP][PASSED] - click(findTestObject("Page_Swag Labs/Title item Labs Backpack")): Object: 'Object Repository/Page_Swag Labs/Title item Labs Backpack' is clicked on

2023-10-30 19:47:50 - [MESSAGE][PASSED] - Object: 'Object Repository/Page_Swag Labs/Title item Labs Backpack' is clicked on

2023-10-30 19:47:50 - [TEST_STEP][PASSED] - click(findTestObject("Page_Swag Labs/button_Add to cart")): Object: 'Object Repository/Page_Swag Labs/button_Add to cart' is clicked on

2023-10-30 19:47:52 - [MESSAGE][PASSED] - Object: 'Object Repository/Page_Swag Labs/button_Add to cart' is clicked on

2023-10-30 19:47:52 - [TEST_STEP][PASSED] - verifyElementPresent(findTestObject("Page_Swag Labs/Cart pop up number"), 0): Object 'Object Repository/Page_Swag Labs/Cart pop up number' is present

2023-10-30 19:47:52 - [MESSAGE][WARNING] - Timeout '0' is invalid. Using default page load timeout: '30'

2023-10-30 19:47:53 - [MESSAGE][PASSED] - Object 'Object Repository/Page_Swag Labs/Cart pop up number' is present

2023-10-30 19:47:53 - [TEST_STEP][PASSED] - click(findTestObject("Page_Swag Labs/Cart Icon")): Object: 'Object Repository/Page_Swag Labs/Cart Icon' is clicked on

2023-10-30 19:47:55 - [MESSAGE][PASSED] - Object: 'Object Repository/Page_Swag Labs/Cart Icon' is clicked on

2023-10-30 19:47:55 - [TEST_STEP][PASSED] - verifyElementPresent(findTestObject("Page_Swag Labs/Title item Labs Backpack"), 0): Object 'Object Repository/Page_Swag Labs/Title item Labs Backpack' is present

2023-10-30 19:47:55 - [MESSAGE][WARNING] - Timeout '0' is invalid. Using default page load timeout: '30'

2023-10-30 19:47:55 - [MESSAGE][PASSED] - Object 'Object Repository/Page_Swag Labs/Title item Labs Backpack' is present

2023-10-30 19:47:55 - [TEST_STEP][PASSED] - click(findTestObject("Page_Swag Labs/button Checkout")): Object: 'Object Repository/Page_Swag Labs/button Checkout' is clicked on

2023-10-30 19:47:56 - [MESSAGE][PASSED] - Object: 'Object Repository/Page_Swag Labs/button Checkout' is clicked on

2023-10-30 19:47:56 - [TEST_STEP][PASSED] - setText(findTestObject("Page_Swag Labs/firstName field"), "Fajar"): Text 'Fajar' is set on object 'Object Repository/Page_Swag Labs/firstName field'

2023-10-30 19:47:59 - [MESSAGE][PASSED] - Text 'Fajar' is set on object 'Object Repository/Page_Swag Labs/firstName field'

2023-10-30 19:47:59 - [TEST_STEP][PASSED] - setText(findTestObject("Page_Swag Labs/lastName field"), "Irawan"): Text 'Irawan' is set on object 'Object Repository/Page_Swag Labs/lastName field'

2023-10-30 19:48:00 - [MESSAGE][PASSED] - Text 'Irawan' is set on object 'Object Repository/Page_Swag Labs/lastName field'

2023-10-30 19:48:00 - [TEST_STEP][PASSED] - click(findTestObject("Page_Swag Labs/button Continue")): Object: 'Object Repository/Page_Swag Labs/button Continue' is clicked on

2023-10-30 19:48:00 - [MESSAGE][PASSED] - Object: 'Object Repository/Page_Swag Labs/button Continue' is clicked on

2023-10-30 19:48:00 - [TEST_STEP][PASSED] - verifyElementPresent(findTestObject("Page_Swag Labs/error message second zip required"), 0): Object 'Object Repository/Page_Swag Labs/error message second zip required' is present

2023-10-30 19:48:00 - [MESSAGE][WARNING] - Timeout '0' is invalid. Using default page load timeout: '30'

2023-10-30 19:48:01 - [MESSAGE][PASSED] - Object 'Object Repository/Page_Swag Labs/error message second zip required' is present

2023-10-30 19:48:01 - [TEST_STEP][PASSED] - closeBrowser(): Browser is closed

2023-10-30 19:48:02 - [MESSAGE][PASSED] - Browser is closed]]></system-out>
         <system-err><![CDATA[]]></system-err>
      </testcase>
      <testcase name="Test Cases/Checkout/TS.Log.003 TC.Log.003.005 User checkout the items without filling user information" time="20.659" classname="Test Cases/Checkout/TS.Log.003 TC.Log.003.005 User checkout the items without filling user information" status="PASSED">
         <system-out><![CDATA[2023-10-30 19:48:02 - [TEST_CASE][PASSED] - Test Cases/Checkout/TS.Log.003 TC.Log.003.005 User checkout the items without filling user information: Test Cases/Checkout/TS.Log.003 TC.Log.003.005 User checkout the items without filling user information

2023-10-30 19:48:03 - [TEST_STEP][PASSED] - openBrowser(""): Browser is opened with url: ''

2023-10-30 19:48:03 - [MESSAGE][INFO] - Starting 'Chrome' driver

2023-10-30 19:48:03 - [MESSAGE][INFO] - Action delay is set to 0 milliseconds

2023-10-30 19:48:06 - [MESSAGE][PASSED] - Browser is opened with url: ''

2023-10-30 19:48:06 - [TEST_STEP][PASSED] - navigateToUrl("https://www.saucedemo.com/"): Navigate to 'https://www.saucedemo.com/' successfully

2023-10-30 19:48:06 - [MESSAGE][PASSED] - Navigate to 'https://www.saucedemo.com/' successfully

2023-10-30 19:48:06 - [TEST_STEP][PASSED] - setText(findTestObject("Page_Swag Labs/Username_field"), "standard_user"): Text 'standard_user' is set on object 'Object Repository/Page_Swag Labs/Username_field'

2023-10-30 19:48:10 - [MESSAGE][PASSED] - Text 'standard_user' is set on object 'Object Repository/Page_Swag Labs/Username_field'

2023-10-30 19:48:10 - [TEST_STEP][PASSED] - setEncryptedText(findTestObject("Page_Swag Labs/Password_field"), "qcu24s4901FyWDTwXGr6XA=="): Text ****** has been set on object 'Object Repository/Page_Swag Labs/Password_field'

2023-10-30 19:48:11 - [MESSAGE][PASSED] - Text ****** has been set on object 'Object Repository/Page_Swag Labs/Password_field'

2023-10-30 19:48:11 - [TEST_STEP][PASSED] - click(findTestObject("Page_Swag Labs/button_login")): Object: 'Object Repository/Page_Swag Labs/button_login' is clicked on

2023-10-30 19:48:12 - [MESSAGE][PASSED] - Object: 'Object Repository/Page_Swag Labs/button_login' is clicked on

2023-10-30 19:48:12 - [TEST_STEP][PASSED] - click(findTestObject("Page_Swag Labs/Title item Labs Backpack")): Object: 'Object Repository/Page_Swag Labs/Title item Labs Backpack' is clicked on

2023-10-30 19:48:14 - [MESSAGE][PASSED] - Object: 'Object Repository/Page_Swag Labs/Title item Labs Backpack' is clicked on

2023-10-30 19:48:14 - [TEST_STEP][PASSED] - click(findTestObject("Page_Swag Labs/button_Add to cart")): Object: 'Object Repository/Page_Swag Labs/button_Add to cart' is clicked on

2023-10-30 19:48:16 - [MESSAGE][PASSED] - Object: 'Object Repository/Page_Swag Labs/button_Add to cart' is clicked on

2023-10-30 19:48:16 - [TEST_STEP][PASSED] - verifyElementPresent(findTestObject("Page_Swag Labs/Cart pop up number"), 0): Object 'Object Repository/Page_Swag Labs/Cart pop up number' is present

2023-10-30 19:48:16 - [MESSAGE][WARNING] - Timeout '0' is invalid. Using default page load timeout: '30'

2023-10-30 19:48:17 - [MESSAGE][PASSED] - Object 'Object Repository/Page_Swag Labs/Cart pop up number' is present

2023-10-30 19:48:17 - [TEST_STEP][PASSED] - click(findTestObject("Page_Swag Labs/Cart Icon")): Object: 'Object Repository/Page_Swag Labs/Cart Icon' is clicked on

2023-10-30 19:48:18 - [MESSAGE][PASSED] - Object: 'Object Repository/Page_Swag Labs/Cart Icon' is clicked on

2023-10-30 19:48:18 - [TEST_STEP][PASSED] - verifyElementPresent(findTestObject("Page_Swag Labs/Title item Labs Backpack"), 0): Object 'Object Repository/Page_Swag Labs/Title item Labs Backpack' is present

2023-10-30 19:48:18 - [MESSAGE][WARNING] - Timeout '0' is invalid. Using default page load timeout: '30'

2023-10-30 19:48:18 - [MESSAGE][PASSED] - Object 'Object Repository/Page_Swag Labs/Title item Labs Backpack' is present

2023-10-30 19:48:18 - [TEST_STEP][PASSED] - click(findTestObject("Page_Swag Labs/button Checkout")): Object: 'Object Repository/Page_Swag Labs/button Checkout' is clicked on

2023-10-30 19:48:19 - [MESSAGE][PASSED] - Object: 'Object Repository/Page_Swag Labs/button Checkout' is clicked on

2023-10-30 19:48:19 - [TEST_STEP][PASSED] - click(findTestObject("Page_Swag Labs/button Continue")): Object: 'Object Repository/Page_Swag Labs/button Continue' is clicked on

2023-10-30 19:48:21 - [MESSAGE][PASSED] - Object: 'Object Repository/Page_Swag Labs/button Continue' is clicked on

2023-10-30 19:48:21 - [TEST_STEP][PASSED] - verifyElementPresent(findTestObject("Page_Swag Labs/error message first name required"), 0): Object 'Object Repository/Page_Swag Labs/error message first name required' is present

2023-10-30 19:48:21 - [MESSAGE][WARNING] - Timeout '0' is invalid. Using default page load timeout: '30'

2023-10-30 19:48:21 - [MESSAGE][PASSED] - Object 'Object Repository/Page_Swag Labs/error message first name required' is present

2023-10-30 19:48:21 - [TEST_STEP][PASSED] - closeBrowser(): Browser is closed

2023-10-30 19:48:22 - [MESSAGE][PASSED] - Browser is closed]]></system-out>
         <system-err><![CDATA[]]></system-err>
      </testcase>
      <system-out><![CDATA[2023-10-30 19:46:22 - [TEST_SUITE][PASSED] - Checkout Feature Suite: Test Cases/Checkout/TS.Log.003 TC.Log.003.005 User checkout the items without filling user information]]></system-out>
      <system-err><![CDATA[]]></system-err>
   </testsuite>
</testsuites>
