<?xml version="1.0" encoding="UTF-8"?>
<testsuites name="Login Feature suite" time="210.035" tests="8" failures="0" errors="0">
   <testsuite name="Login Feature suite" tests="8" failures="0" errors="0" time="210.035" skipped="0" timestamp="2023-10-29 12:32:37" hostname="Fajar - 192.168.173.1" id="Test Suites/Login Feature suite">
      <properties>
         <property name="deviceName" value=""/>
         <property name="devicePlatform" value=""/>
         <property name="logFolder" value="D:\\Users\\Fajar\\git\\Testing_Saucedemo\\Reports\\20231029_123223\\Login Feature suite\\20231029_123224"/>
         <property name="logFiles" value="D:\\Users\\Fajar\\git\\Testing_Saucedemo\\Reports\\20231029_123223\\Login Feature suite\\20231029_123224\\execution0.log"/>
         <property name="attachments" value=""/>
         <property name="hostName" value="Fajar - 192.168.173.1"/>
         <property name="os" value="Windows 10 64bit"/>
         <property name="katalonVersion" value="8.6.8.208"/>
         <property name="browser" value="Chrome 118.0.0.0"/>
         <property name="hostAddress" value="192.168.173.1"/>
         <property name="sessionId" value="92f1398013d186c316e1dda65dfd1c36"/>
         <property name="seleniumVersion" value="3.141.59"/>
         <property name="proxyInformation" value="ProxyInformation { proxyOption=NO_PROXY, proxyServerType=HTTP, username=, password=********, proxyServerAddress=, proxyServerPort=0, executionList=&quot;&quot;, isApplyToDesiredCapabilities=true }"/>
         <property name="platform" value="Windows 10"/>
      </properties>
      <testcase name="Test Cases/Login/TS.Log.001 TC.Log.001.001 User login with valid credential" time="17.184" classname="Test Cases/Login/TS.Log.001 TC.Log.001.001 User login with valid credential" status="PASSED">
         <system-out><![CDATA[2023-10-29 12:32:37 - [TEST_CASE][PASSED] - Test Cases/Login/TS.Log.001 TC.Log.001.001 User login with valid credential: Test Cases/Login/TS.Log.001 TC.Log.001.001 User login with valid credential

2023-10-29 12:32:38 - [TEST_STEP][PASSED] - openBrowser(""): Browser is opened with url: ''

2023-10-29 12:32:39 - [MESSAGE][INFO] - Starting 'Chrome' driver

2023-10-29 12:32:39 - [MESSAGE][INFO] - Action delay is set to 0 milliseconds

2023-10-29 12:32:45 - [MESSAGE][PASSED] - Browser is opened with url: ''

2023-10-29 12:32:45 - [TEST_STEP][PASSED] - navigateToUrl("https://www.saucedemo.com/"): Navigate to 'https://www.saucedemo.com/' successfully

2023-10-29 12:32:46 - [MESSAGE][PASSED] - Navigate to 'https://www.saucedemo.com/' successfully

2023-10-29 12:32:46 - [TEST_STEP][PASSED] - setText(findTestObject("Object Repository/Page_Swag Labs/Username_field"), "standard_user"): Text 'standard_user' is set on object 'Object Repository/Page_Swag Labs/Username_field'

2023-10-29 12:32:50 - [MESSAGE][PASSED] - Text 'standard_user' is set on object 'Object Repository/Page_Swag Labs/Username_field'

2023-10-29 12:32:50 - [TEST_STEP][PASSED] - setEncryptedText(findTestObject("Object Repository/Page_Swag Labs/Password_field"), "qcu24s4901FyWDTwXGr6XA=="): Text ****** has been set on object 'Object Repository/Page_Swag Labs/Password_field'

2023-10-29 12:32:51 - [MESSAGE][PASSED] - Text ****** has been set on object 'Object Repository/Page_Swag Labs/Password_field'

2023-10-29 12:32:51 - [TEST_STEP][PASSED] - click(findTestObject("Object Repository/Page_Swag Labs/button_login")): Object: 'Object Repository/Page_Swag Labs/button_login' is clicked on

2023-10-29 12:32:53 - [MESSAGE][PASSED] - Object: 'Object Repository/Page_Swag Labs/button_login' is clicked on

2023-10-29 12:32:53 - [TEST_STEP][PASSED] - closeBrowser(): Browser is closed

2023-10-29 12:32:54 - [MESSAGE][PASSED] - Browser is closed]]></system-out>
         <system-err><![CDATA[]]></system-err>
      </testcase>
      <testcase name="Test Cases/Login/TS.Log.001 TC.Log.001.002 User login with unregistered username and password" time="45.611" classname="Test Cases/Login/TS.Log.001 TC.Log.001.002 User login with unregistered username and password" status="PASSED">
         <system-out><![CDATA[2023-10-29 12:32:54 - [TEST_CASE][PASSED] - Test Cases/Login/TS.Log.001 TC.Log.001.002 User login with unregistered username and password: Test Cases/Login/TS.Log.001 TC.Log.001.002 User login with unregistered username and password

2023-10-29 12:32:55 - [TEST_STEP][PASSED] - openBrowser(""): Browser is opened with url: ''

2023-10-29 12:32:55 - [MESSAGE][INFO] - Starting 'Chrome' driver

2023-10-29 12:32:55 - [MESSAGE][INFO] - Action delay is set to 0 milliseconds

2023-10-29 12:32:58 - [MESSAGE][PASSED] - Browser is opened with url: ''

2023-10-29 12:32:58 - [TEST_STEP][PASSED] - navigateToUrl("https://www.saucedemo.com/"): Navigate to 'https://www.saucedemo.com/' successfully

2023-10-29 12:33:00 - [MESSAGE][PASSED] - Navigate to 'https://www.saucedemo.com/' successfully

2023-10-29 12:33:00 - [TEST_STEP][PASSED] - setText(findTestObject("Page_Swag Labs/Username_field"), "test salah"): Text 'test salah' is set on object 'Object Repository/Page_Swag Labs/Username_field'

2023-10-29 12:33:05 - [MESSAGE][PASSED] - Text 'test salah' is set on object 'Object Repository/Page_Swag Labs/Username_field'

2023-10-29 12:33:05 - [TEST_STEP][PASSED] - setEncryptedText(findTestObject("Object Repository/Page_Swag Labs/Password_field"), "xDH/NDxr8Nk91RcxWnF9Qg=="): Text ****** has been set on object 'Object Repository/Page_Swag Labs/Password_field'

2023-10-29 12:33:07 - [MESSAGE][PASSED] - Text ****** has been set on object 'Object Repository/Page_Swag Labs/Password_field'

2023-10-29 12:33:07 - [TEST_STEP][PASSED] - click(findTestObject("Object Repository/Page_Swag Labs/button_login")): Object: 'Object Repository/Page_Swag Labs/button_login' is clicked on

2023-10-29 12:33:09 - [MESSAGE][PASSED] - Object: 'Object Repository/Page_Swag Labs/button_login' is clicked on

2023-10-29 12:33:09 - [TEST_STEP][PASSED] - verifyElementPresent(findTestObject("Page_Swag Labs/Error message login"), 0): Object 'Object Repository/Page_Swag Labs/Error message login' is present

2023-10-29 12:33:09 - [MESSAGE][WARNING] - Timeout '0' is invalid. Using default page load timeout: '30'

2023-10-29 12:33:39 - [MESSAGE][PASSED] - Object 'Object Repository/Page_Swag Labs/Error message login' is present

2023-10-29 12:33:39 - [TEST_STEP][PASSED] - closeBrowser(): Browser is closed

2023-10-29 12:33:40 - [MESSAGE][PASSED] - Browser is closed]]></system-out>
         <system-err><![CDATA[]]></system-err>
      </testcase>
      <testcase name="Test Cases/Login/TS.Log.001 TC.Log.001.003 User login with unregistered username and valid password" time="27.386" classname="Test Cases/Login/TS.Log.001 TC.Log.001.003 User login with unregistered username and valid password" status="PASSED">
         <system-out><![CDATA[2023-10-29 12:33:40 - [TEST_CASE][PASSED] - Test Cases/Login/TS.Log.001 TC.Log.001.003 User login with unregistered username and valid password: Test Cases/Login/TS.Log.001 TC.Log.001.003 User login with unregistered username and valid password

2023-10-29 12:33:41 - [TEST_STEP][PASSED] - openBrowser(""): Browser is opened with url: ''

2023-10-29 12:33:41 - [MESSAGE][INFO] - Starting 'Chrome' driver

2023-10-29 12:33:41 - [MESSAGE][INFO] - Action delay is set to 0 milliseconds

2023-10-29 12:33:43 - [MESSAGE][PASSED] - Browser is opened with url: ''

2023-10-29 12:33:43 - [TEST_STEP][PASSED] - navigateToUrl("https://www.saucedemo.com/"): Navigate to 'https://www.saucedemo.com/' successfully

2023-10-29 12:33:45 - [MESSAGE][PASSED] - Navigate to 'https://www.saucedemo.com/' successfully

2023-10-29 12:33:45 - [TEST_STEP][PASSED] - setText(findTestObject("Page_Swag Labs/Username_field"), "test salah"): Text 'test salah' is set on object 'Object Repository/Page_Swag Labs/Username_field'

2023-10-29 12:33:48 - [MESSAGE][PASSED] - Text 'test salah' is set on object 'Object Repository/Page_Swag Labs/Username_field'

2023-10-29 12:33:48 - [TEST_STEP][PASSED] - setEncryptedText(findTestObject("Object Repository/Page_Swag Labs/Password_field"), "qcu24s4901FyWDTwXGr6XA=="): Text ****** has been set on object 'Object Repository/Page_Swag Labs/Password_field'

2023-10-29 12:33:49 - [MESSAGE][PASSED] - Text ****** has been set on object 'Object Repository/Page_Swag Labs/Password_field'

2023-10-29 12:33:49 - [TEST_STEP][PASSED] - click(findTestObject("Object Repository/Page_Swag Labs/button_login")): Object: 'Object Repository/Page_Swag Labs/button_login' is clicked on

2023-10-29 12:33:50 - [MESSAGE][PASSED] - Object: 'Object Repository/Page_Swag Labs/button_login' is clicked on

2023-10-29 12:33:50 - [TEST_STEP][PASSED] - verifyElementPresent(findTestObject("Page_Swag Labs/Error message login"), 0): Object 'Object Repository/Page_Swag Labs/Error message login' is present

2023-10-29 12:33:50 - [MESSAGE][WARNING] - Timeout '0' is invalid. Using default page load timeout: '30'

2023-10-29 12:34:07 - [MESSAGE][PASSED] - Object 'Object Repository/Page_Swag Labs/Error message login' is present

2023-10-29 12:34:07 - [TEST_STEP][PASSED] - closeBrowser(): Browser is closed

2023-10-29 12:34:07 - [MESSAGE][PASSED] - Browser is closed]]></system-out>
         <system-err><![CDATA[]]></system-err>
      </testcase>
      <testcase name="Test Cases/Login/TS.Log.001 TC.Log.001.004 User login with registered username and invalid password" time="42.538" classname="Test Cases/Login/TS.Log.001 TC.Log.001.004 User login with registered username and invalid password" status="PASSED">
         <system-out><![CDATA[2023-10-29 12:34:07 - [TEST_CASE][PASSED] - Test Cases/Login/TS.Log.001 TC.Log.001.004 User login with registered username and invalid password: Test Cases/Login/TS.Log.001 TC.Log.001.004 User login with registered username and invalid password

2023-10-29 12:34:08 - [TEST_STEP][PASSED] - openBrowser(""): Browser is opened with url: ''

2023-10-29 12:34:08 - [MESSAGE][INFO] - Starting 'Chrome' driver

2023-10-29 12:34:08 - [MESSAGE][INFO] - Action delay is set to 0 milliseconds

2023-10-29 12:34:11 - [MESSAGE][PASSED] - Browser is opened with url: ''

2023-10-29 12:34:11 - [TEST_STEP][PASSED] - navigateToUrl("https://www.saucedemo.com/"): Navigate to 'https://www.saucedemo.com/' successfully

2023-10-29 12:34:12 - [MESSAGE][PASSED] - Navigate to 'https://www.saucedemo.com/' successfully

2023-10-29 12:34:12 - [TEST_STEP][PASSED] - setText(findTestObject("Page_Swag Labs/Username_field"), "standard_user"): Text 'standard_user' is set on object 'Object Repository/Page_Swag Labs/Username_field'

2023-10-29 12:34:16 - [MESSAGE][PASSED] - Text 'standard_user' is set on object 'Object Repository/Page_Swag Labs/Username_field'

2023-10-29 12:34:16 - [TEST_STEP][PASSED] - setEncryptedText(findTestObject("Object Repository/Page_Swag Labs/Password_field"), "FMpJ+xZn0jDKm5OtYfOeUQ=="): Text ****** has been set on object 'Object Repository/Page_Swag Labs/Password_field'

2023-10-29 12:34:17 - [MESSAGE][PASSED] - Text ****** has been set on object 'Object Repository/Page_Swag Labs/Password_field'

2023-10-29 12:34:17 - [TEST_STEP][PASSED] - click(findTestObject("Object Repository/Page_Swag Labs/button_login")): Object: 'Object Repository/Page_Swag Labs/button_login' is clicked on

2023-10-29 12:34:19 - [MESSAGE][PASSED] - Object: 'Object Repository/Page_Swag Labs/button_login' is clicked on

2023-10-29 12:34:19 - [TEST_STEP][PASSED] - verifyElementPresent(findTestObject("Page_Swag Labs/Error message login"), 0): Object 'Object Repository/Page_Swag Labs/Error message login' is present

2023-10-29 12:34:19 - [MESSAGE][WARNING] - Timeout '0' is invalid. Using default page load timeout: '30'

2023-10-29 12:34:49 - [MESSAGE][PASSED] - Object 'Object Repository/Page_Swag Labs/Error message login' is present

2023-10-29 12:34:49 - [TEST_STEP][PASSED] - closeBrowser(): Browser is closed

2023-10-29 12:34:50 - [MESSAGE][PASSED] - Browser is closed]]></system-out>
         <system-err><![CDATA[]]></system-err>
      </testcase>
      <testcase name="Test Cases/Login/TS.Log.001 TC.Log.001.005 User click login without filling password" time="16.612" classname="Test Cases/Login/TS.Log.001 TC.Log.001.005 User click login without filling password" status="PASSED">
         <system-out><![CDATA[2023-10-29 12:34:50 - [TEST_CASE][PASSED] - Test Cases/Login/TS.Log.001 TC.Log.001.005 User click login without filling password: Test Cases/Login/TS.Log.001 TC.Log.001.005 User click login without filling password

2023-10-29 12:34:51 - [TEST_STEP][PASSED] - openBrowser(""): Browser is opened with url: ''

2023-10-29 12:34:51 - [MESSAGE][INFO] - Starting 'Chrome' driver

2023-10-29 12:34:51 - [MESSAGE][INFO] - Action delay is set to 0 milliseconds

2023-10-29 12:34:53 - [MESSAGE][PASSED] - Browser is opened with url: ''

2023-10-29 12:34:53 - [TEST_STEP][PASSED] - navigateToUrl("https://www.saucedemo.com/"): Navigate to 'https://www.saucedemo.com/' successfully

2023-10-29 12:34:56 - [MESSAGE][PASSED] - Navigate to 'https://www.saucedemo.com/' successfully

2023-10-29 12:34:56 - [TEST_STEP][PASSED] - setText(findTestObject("Page_Swag Labs/Username_field"), "standard_user"): Text 'standard_user' is set on object 'Object Repository/Page_Swag Labs/Username_field'

2023-10-29 12:35:00 - [MESSAGE][PASSED] - Text 'standard_user' is set on object 'Object Repository/Page_Swag Labs/Username_field'

2023-10-29 12:35:00 - [TEST_STEP][PASSED] - click(findTestObject("Object Repository/Page_Swag Labs/button_login")): Object: 'Object Repository/Page_Swag Labs/button_login' is clicked on

2023-10-29 12:35:01 - [MESSAGE][PASSED] - Object: 'Object Repository/Page_Swag Labs/button_login' is clicked on

2023-10-29 12:35:01 - [TEST_STEP][PASSED] - verifyElementPresent(findTestObject("Page_Swag Labs/Error message password required"), 0): Object 'Object Repository/Page_Swag Labs/Error message password required' is present

2023-10-29 12:35:01 - [MESSAGE][WARNING] - Timeout '0' is invalid. Using default page load timeout: '30'

2023-10-29 12:35:02 - [MESSAGE][PASSED] - Object 'Object Repository/Page_Swag Labs/Error message password required' is present

2023-10-29 12:35:02 - [TEST_STEP][PASSED] - closeBrowser(): Browser is closed

2023-10-29 12:35:07 - [MESSAGE][PASSED] - Browser is closed]]></system-out>
         <system-err><![CDATA[]]></system-err>
      </testcase>
      <testcase name="Test Cases/Login/TS.Log.001 TC.Log.001.006 User click login without filling username" time="17.082" classname="Test Cases/Login/TS.Log.001 TC.Log.001.006 User click login without filling username" status="PASSED">
         <system-out><![CDATA[2023-10-29 12:35:07 - [TEST_CASE][PASSED] - Test Cases/Login/TS.Log.001 TC.Log.001.006 User click login without filling username: Test Cases/Login/TS.Log.001 TC.Log.001.006 User click login without filling username

2023-10-29 12:35:07 - [TEST_STEP][PASSED] - openBrowser(""): Browser is opened with url: ''

2023-10-29 12:35:07 - [MESSAGE][INFO] - Starting 'Chrome' driver

2023-10-29 12:35:07 - [MESSAGE][INFO] - Action delay is set to 0 milliseconds

2023-10-29 12:35:10 - [MESSAGE][PASSED] - Browser is opened with url: ''

2023-10-29 12:35:10 - [TEST_STEP][PASSED] - navigateToUrl("https://www.saucedemo.com/"): Navigate to 'https://www.saucedemo.com/' successfully

2023-10-29 12:35:12 - [MESSAGE][PASSED] - Navigate to 'https://www.saucedemo.com/' successfully

2023-10-29 12:35:12 - [TEST_STEP][PASSED] - setEncryptedText(findTestObject("Object Repository/Page_Swag Labs/Password_field"), "qcu24s4901FyWDTwXGr6XA=="): Text ****** has been set on object 'Object Repository/Page_Swag Labs/Password_field'

2023-10-29 12:35:14 - [MESSAGE][PASSED] - Text ****** has been set on object 'Object Repository/Page_Swag Labs/Password_field'

2023-10-29 12:35:14 - [TEST_STEP][PASSED] - click(findTestObject("Object Repository/Page_Swag Labs/button_login")): Object: 'Object Repository/Page_Swag Labs/button_login' is clicked on

2023-10-29 12:35:15 - [MESSAGE][PASSED] - Object: 'Object Repository/Page_Swag Labs/button_login' is clicked on

2023-10-29 12:35:15 - [TEST_STEP][PASSED] - verifyElementPresent(findTestObject("Page_Swag Labs/Error message username required"), 0): Object 'Object Repository/Page_Swag Labs/Error message username required' is present

2023-10-29 12:35:15 - [MESSAGE][WARNING] - Timeout '0' is invalid. Using default page load timeout: '30'

2023-10-29 12:35:16 - [MESSAGE][PASSED] - Object 'Object Repository/Page_Swag Labs/Error message username required' is present

2023-10-29 12:35:16 - [TEST_STEP][PASSED] - closeBrowser(): Browser is closed

2023-10-29 12:35:24 - [MESSAGE][PASSED] - Browser is closed]]></system-out>
         <system-err><![CDATA[]]></system-err>
      </testcase>
      <testcase name="Test Cases/Login/TS.Log.001 TC.Log.001.007 User click login without fill username and password" time="16.294" classname="Test Cases/Login/TS.Log.001 TC.Log.001.007 User click login without fill username and password" status="PASSED">
         <system-out><![CDATA[2023-10-29 12:35:24 - [TEST_CASE][PASSED] - Test Cases/Login/TS.Log.001 TC.Log.001.007 User click login without fill username and password: Test Cases/Login/TS.Log.001 TC.Log.001.007 User click login without fill username and password

2023-10-29 12:35:24 - [TEST_STEP][PASSED] - openBrowser(""): Browser is opened with url: ''

2023-10-29 12:35:24 - [MESSAGE][INFO] - Starting 'Chrome' driver

2023-10-29 12:35:24 - [MESSAGE][INFO] - Action delay is set to 0 milliseconds

2023-10-29 12:35:27 - [MESSAGE][PASSED] - Browser is opened with url: ''

2023-10-29 12:35:27 - [TEST_STEP][PASSED] - navigateToUrl("https://www.saucedemo.com/"): Navigate to 'https://www.saucedemo.com/' successfully

2023-10-29 12:35:29 - [MESSAGE][PASSED] - Navigate to 'https://www.saucedemo.com/' successfully

2023-10-29 12:35:29 - [TEST_STEP][PASSED] - click(findTestObject("Object Repository/Page_Swag Labs/button_login")): Object: 'Object Repository/Page_Swag Labs/button_login' is clicked on

2023-10-29 12:35:32 - [MESSAGE][PASSED] - Object: 'Object Repository/Page_Swag Labs/button_login' is clicked on

2023-10-29 12:35:32 - [TEST_STEP][PASSED] - verifyElementPresent(findTestObject("Page_Swag Labs/Error message username required"), 0): Object 'Object Repository/Page_Swag Labs/Error message username required' is present

2023-10-29 12:35:33 - [MESSAGE][WARNING] - Timeout '0' is invalid. Using default page load timeout: '30'

2023-10-29 12:35:33 - [MESSAGE][PASSED] - Object 'Object Repository/Page_Swag Labs/Error message username required' is present

2023-10-29 12:35:33 - [TEST_STEP][PASSED] - closeBrowser(): Browser is closed

2023-10-29 12:35:40 - [MESSAGE][PASSED] - Browser is closed]]></system-out>
         <system-err><![CDATA[]]></system-err>
      </testcase>
      <testcase name="Test Cases/Login/TS.Log.001 TC.Log.001.008 User logout" time="26.567" classname="Test Cases/Login/TS.Log.001 TC.Log.001.008 User logout" status="PASSED">
         <system-out><![CDATA[2023-10-29 12:35:40 - [TEST_CASE][PASSED] - Test Cases/Login/TS.Log.001 TC.Log.001.008 User logout: Test Cases/Login/TS.Log.001 TC.Log.001.008 User logout

2023-10-29 12:35:41 - [TEST_STEP][PASSED] - openBrowser(""): Browser is opened with url: ''

2023-10-29 12:35:41 - [MESSAGE][INFO] - Starting 'Chrome' driver

2023-10-29 12:35:41 - [MESSAGE][INFO] - Action delay is set to 0 milliseconds

2023-10-29 12:35:43 - [MESSAGE][PASSED] - Browser is opened with url: ''

2023-10-29 12:35:43 - [TEST_STEP][PASSED] - navigateToUrl("https://www.saucedemo.com/"): Navigate to 'https://www.saucedemo.com/' successfully

2023-10-29 12:35:59 - [MESSAGE][PASSED] - Navigate to 'https://www.saucedemo.com/' successfully

2023-10-29 12:35:59 - [TEST_STEP][PASSED] - setText(findTestObject("Object Repository/Page_Swag Labs/Username_field"), "standard_user"): Text 'standard_user' is set on object 'Object Repository/Page_Swag Labs/Username_field'

2023-10-29 12:36:02 - [MESSAGE][PASSED] - Text 'standard_user' is set on object 'Object Repository/Page_Swag Labs/Username_field'

2023-10-29 12:36:02 - [TEST_STEP][PASSED] - setEncryptedText(findTestObject("Object Repository/Page_Swag Labs/Password_field"), "qcu24s4901FyWDTwXGr6XA=="): Text ****** has been set on object 'Object Repository/Page_Swag Labs/Password_field'

2023-10-29 12:36:03 - [MESSAGE][PASSED] - Text ****** has been set on object 'Object Repository/Page_Swag Labs/Password_field'

2023-10-29 12:36:03 - [TEST_STEP][PASSED] - click(findTestObject("Object Repository/Page_Swag Labs/button_login")): Object: 'Object Repository/Page_Swag Labs/button_login' is clicked on

2023-10-29 12:36:04 - [MESSAGE][PASSED] - Object: 'Object Repository/Page_Swag Labs/button_login' is clicked on

2023-10-29 12:36:04 - [TEST_STEP][PASSED] - click(findTestObject("Page_Swag Labs/button_Open Menu")): Object: 'Object Repository/Page_Swag Labs/button_Open Menu' is clicked on

2023-10-29 12:36:04 - [MESSAGE][PASSED] - Object: 'Object Repository/Page_Swag Labs/button_Open Menu' is clicked on

2023-10-29 12:36:04 - [TEST_STEP][PASSED] - click(findTestObject("Page_Swag Labs/Logout")): Object: 'Object Repository/Page_Swag Labs/Logout' is clicked on

2023-10-29 12:36:05 - [MESSAGE][PASSED] - Object: 'Object Repository/Page_Swag Labs/Logout' is clicked on

2023-10-29 12:36:05 - [TEST_STEP][PASSED] - verifyElementPresent(findTestObject("Page_Swag Labs/Login page Swag Labs"), 0): Object 'Object Repository/Page_Swag Labs/Login page Swag Labs' is present

2023-10-29 12:36:05 - [MESSAGE][WARNING] - Timeout '0' is invalid. Using default page load timeout: '30'

2023-10-29 12:36:05 - [MESSAGE][PASSED] - Object 'Object Repository/Page_Swag Labs/Login page Swag Labs' is present

2023-10-29 12:36:05 - [TEST_STEP][PASSED] - closeBrowser(): Browser is closed

2023-10-29 12:36:07 - [MESSAGE][PASSED] - Browser is closed]]></system-out>
         <system-err><![CDATA[]]></system-err>
      </testcase>
      <system-out><![CDATA[2023-10-29 12:32:37 - [TEST_SUITE][PASSED] - Login Feature suite: Test Cases/Login/TS.Log.001 TC.Log.001.008 User logout]]></system-out>
      <system-err><![CDATA[]]></system-err>
   </testsuite>
</testsuites>
