<?xml version="1.0" encoding="UTF-8"?>
<testsuites name="Checkout Feature Suite" time="57.507" tests="2" failures="0" errors="0">
   <testsuite name="Checkout Feature Suite" tests="2" failures="0" errors="0" time="57.507" skipped="0" timestamp="2023-10-29 12:38:18" hostname="Fajar - 192.168.173.1" id="Test Suites/Checkout Feature Suite">
      <properties>
         <property name="deviceName" value=""/>
         <property name="devicePlatform" value=""/>
         <property name="logFolder" value="D:\\Users\\Fajar\\git\\Testing_Saucedemo\\Reports\\20231029_123223\\Checkout Feature Suite\\20231029_123228"/>
         <property name="logFiles" value="D:\\Users\\Fajar\\git\\Testing_Saucedemo\\Reports\\20231029_123223\\Checkout Feature Suite\\20231029_123228\\execution0.log"/>
         <property name="attachments" value=""/>
         <property name="hostName" value="Fajar - 192.168.173.1"/>
         <property name="os" value="Windows 10 64bit"/>
         <property name="katalonVersion" value="8.6.8.208"/>
         <property name="browser" value="Chrome 118.0.0.0"/>
         <property name="hostAddress" value="192.168.173.1"/>
         <property name="sessionId" value="9574490f7e7b6d1429f7cf890fc8a651"/>
         <property name="seleniumVersion" value="3.141.59"/>
         <property name="proxyInformation" value="ProxyInformation { proxyOption=NO_PROXY, proxyServerType=HTTP, username=, password=********, proxyServerAddress=, proxyServerPort=0, executionList=&quot;&quot;, isApplyToDesiredCapabilities=true }"/>
         <property name="platform" value="Windows 10"/>
      </properties>
      <testcase name="Test Cases/Checkout/TS.Log.003 TC.Log.003.001 User checkout the item in the cart" time="30.767" classname="Test Cases/Checkout/TS.Log.003 TC.Log.003.001 User checkout the item in the cart" status="PASSED">
         <system-out><![CDATA[2023-10-29 12:38:19 - [TEST_CASE][PASSED] - Test Cases/Checkout/TS.Log.003 TC.Log.003.001 User checkout the item in the cart: Test Cases/Checkout/TS.Log.003 TC.Log.003.001 User checkout the item in the cart

2023-10-29 12:38:20 - [TEST_STEP][PASSED] - openBrowser(""): Browser is opened with url: ''

2023-10-29 12:38:21 - [MESSAGE][INFO] - Starting 'Chrome' driver

2023-10-29 12:38:21 - [MESSAGE][INFO] - Action delay is set to 0 milliseconds

2023-10-29 12:38:26 - [MESSAGE][PASSED] - Browser is opened with url: ''

2023-10-29 12:38:26 - [TEST_STEP][PASSED] - navigateToUrl("https://www.saucedemo.com/"): Navigate to 'https://www.saucedemo.com/' successfully

2023-10-29 12:38:28 - [MESSAGE][PASSED] - Navigate to 'https://www.saucedemo.com/' successfully

2023-10-29 12:38:28 - [TEST_STEP][PASSED] - setText(findTestObject("Page_Swag Labs/Username_field"), "standard_user"): Text 'standard_user' is set on object 'Object Repository/Page_Swag Labs/Username_field'

2023-10-29 12:38:31 - [MESSAGE][PASSED] - Text 'standard_user' is set on object 'Object Repository/Page_Swag Labs/Username_field'

2023-10-29 12:38:31 - [TEST_STEP][PASSED] - setEncryptedText(findTestObject("Page_Swag Labs/Password_field"), "qcu24s4901FyWDTwXGr6XA=="): Text ****** has been set on object 'Object Repository/Page_Swag Labs/Password_field'

2023-10-29 12:38:32 - [MESSAGE][PASSED] - Text ****** has been set on object 'Object Repository/Page_Swag Labs/Password_field'

2023-10-29 12:38:32 - [TEST_STEP][PASSED] - click(findTestObject("Page_Swag Labs/button_login")): Object: 'Object Repository/Page_Swag Labs/button_login' is clicked on

2023-10-29 12:38:33 - [MESSAGE][PASSED] - Object: 'Object Repository/Page_Swag Labs/button_login' is clicked on

2023-10-29 12:38:33 - [TEST_STEP][PASSED] - click(findTestObject("Page_Swag Labs/Title item Labs Backpack")): Object: 'Object Repository/Page_Swag Labs/Title item Labs Backpack' is clicked on

2023-10-29 12:38:34 - [MESSAGE][PASSED] - Object: 'Object Repository/Page_Swag Labs/Title item Labs Backpack' is clicked on

2023-10-29 12:38:34 - [TEST_STEP][PASSED] - click(findTestObject("Page_Swag Labs/button_Add to cart")): Object: 'Object Repository/Page_Swag Labs/button_Add to cart' is clicked on

2023-10-29 12:38:35 - [MESSAGE][PASSED] - Object: 'Object Repository/Page_Swag Labs/button_Add to cart' is clicked on

2023-10-29 12:38:35 - [TEST_STEP][PASSED] - verifyElementPresent(findTestObject("Page_Swag Labs/Cart pop up number"), 0): Object 'Object Repository/Page_Swag Labs/Cart pop up number' is present

2023-10-29 12:38:35 - [MESSAGE][WARNING] - Timeout '0' is invalid. Using default page load timeout: '30'

2023-10-29 12:38:36 - [MESSAGE][PASSED] - Object 'Object Repository/Page_Swag Labs/Cart pop up number' is present

2023-10-29 12:38:36 - [TEST_STEP][PASSED] - click(findTestObject("Page_Swag Labs/Cart Icon")): Object: 'Object Repository/Page_Swag Labs/Cart Icon' is clicked on

2023-10-29 12:38:38 - [MESSAGE][PASSED] - Object: 'Object Repository/Page_Swag Labs/Cart Icon' is clicked on

2023-10-29 12:38:38 - [TEST_STEP][PASSED] - verifyElementPresent(findTestObject("Page_Swag Labs/Title item Labs Backpack"), 0): Object 'Object Repository/Page_Swag Labs/Title item Labs Backpack' is present

2023-10-29 12:38:39 - [MESSAGE][WARNING] - Timeout '0' is invalid. Using default page load timeout: '30'

2023-10-29 12:38:40 - [MESSAGE][PASSED] - Object 'Object Repository/Page_Swag Labs/Title item Labs Backpack' is present

2023-10-29 12:38:40 - [TEST_STEP][PASSED] - click(findTestObject("Page_Swag Labs/button Checkout")): Object: 'Object Repository/Page_Swag Labs/button Checkout' is clicked on

2023-10-29 12:38:43 - [MESSAGE][PASSED] - Object: 'Object Repository/Page_Swag Labs/button Checkout' is clicked on

2023-10-29 12:38:43 - [TEST_STEP][PASSED] - setText(findTestObject("Page_Swag Labs/firstName field"), "Fajar"): Text 'Fajar' is set on object 'Object Repository/Page_Swag Labs/firstName field'

2023-10-29 12:38:44 - [MESSAGE][PASSED] - Text 'Fajar' is set on object 'Object Repository/Page_Swag Labs/firstName field'

2023-10-29 12:38:44 - [TEST_STEP][PASSED] - setText(findTestObject("Page_Swag Labs/lastName field"), "Irawan"): Text 'Irawan' is set on object 'Object Repository/Page_Swag Labs/lastName field'

2023-10-29 12:38:45 - [MESSAGE][PASSED] - Text 'Irawan' is set on object 'Object Repository/Page_Swag Labs/lastName field'

2023-10-29 12:38:45 - [TEST_STEP][PASSED] - setText(findTestObject("Page_Swag Labs/postalCode field"), "15151"): Text '15151' is set on object 'Object Repository/Page_Swag Labs/postalCode field'

2023-10-29 12:38:46 - [MESSAGE][PASSED] - Text '15151' is set on object 'Object Repository/Page_Swag Labs/postalCode field'

2023-10-29 12:38:46 - [TEST_STEP][PASSED] - click(findTestObject("Page_Swag Labs/button Continue")): Object: 'Object Repository/Page_Swag Labs/button Continue' is clicked on

2023-10-29 12:38:47 - [MESSAGE][PASSED] - Object: 'Object Repository/Page_Swag Labs/button Continue' is clicked on

2023-10-29 12:38:47 - [TEST_STEP][PASSED] - verifyElementPresent(findTestObject("Page_Swag Labs/order information"), 0): Object 'Object Repository/Page_Swag Labs/order information' is present

2023-10-29 12:38:47 - [MESSAGE][WARNING] - Timeout '0' is invalid. Using default page load timeout: '30'

2023-10-29 12:38:48 - [MESSAGE][PASSED] - Object 'Object Repository/Page_Swag Labs/order information' is present

2023-10-29 12:38:48 - [TEST_STEP][PASSED] - click(findTestObject("Page_Swag Labs/button Finish")): Object: 'Object Repository/Page_Swag Labs/button Finish' is clicked on

2023-10-29 12:38:48 - [MESSAGE][PASSED] - Object: 'Object Repository/Page_Swag Labs/button Finish' is clicked on

2023-10-29 12:38:48 - [TEST_STEP][PASSED] - verifyElementPresent(findTestObject("Page_Swag Labs/Text Checkout Complete"), 0): Object 'Object Repository/Page_Swag Labs/Text Checkout Complete' is present

2023-10-29 12:38:48 - [MESSAGE][WARNING] - Timeout '0' is invalid. Using default page load timeout: '30'

2023-10-29 12:38:49 - [MESSAGE][PASSED] - Object 'Object Repository/Page_Swag Labs/Text Checkout Complete' is present

2023-10-29 12:38:49 - [TEST_STEP][PASSED] - closeBrowser(): Browser is closed

2023-10-29 12:38:50 - [MESSAGE][PASSED] - Browser is closed]]></system-out>
         <system-err><![CDATA[]]></system-err>
      </testcase>
      <testcase name="Test Cases/Checkout/TS.Log.003 TC.Log.003.002 User checksout the items without filling the first name field" time="25.974" classname="Test Cases/Checkout/TS.Log.003 TC.Log.003.002 User checksout the items without filling the first name field" status="PASSED">
         <system-out><![CDATA[2023-10-29 12:38:50 - [TEST_CASE][PASSED] - Test Cases/Checkout/TS.Log.003 TC.Log.003.002 User checksout the items without filling the first name field: Test Cases/Checkout/TS.Log.003 TC.Log.003.002 User checksout the items without filling the first name field

2023-10-29 12:38:50 - [TEST_STEP][PASSED] - openBrowser(""): Browser is opened with url: ''

2023-10-29 12:38:50 - [MESSAGE][INFO] - Starting 'Chrome' driver

2023-10-29 12:38:50 - [MESSAGE][INFO] - Action delay is set to 0 milliseconds

2023-10-29 12:38:53 - [MESSAGE][PASSED] - Browser is opened with url: ''

2023-10-29 12:38:53 - [TEST_STEP][PASSED] - navigateToUrl("https://www.saucedemo.com/"): Navigate to 'https://www.saucedemo.com/' successfully

2023-10-29 12:38:54 - [MESSAGE][PASSED] - Navigate to 'https://www.saucedemo.com/' successfully

2023-10-29 12:38:54 - [TEST_STEP][PASSED] - setText(findTestObject("Page_Swag Labs/Username_field"), "standard_user"): Text 'standard_user' is set on object 'Object Repository/Page_Swag Labs/Username_field'

2023-10-29 12:38:59 - [MESSAGE][PASSED] - Text 'standard_user' is set on object 'Object Repository/Page_Swag Labs/Username_field'

2023-10-29 12:38:59 - [TEST_STEP][PASSED] - setEncryptedText(findTestObject("Page_Swag Labs/Password_field"), "qcu24s4901FyWDTwXGr6XA=="): Text ****** has been set on object 'Object Repository/Page_Swag Labs/Password_field'

2023-10-29 12:39:00 - [MESSAGE][PASSED] - Text ****** has been set on object 'Object Repository/Page_Swag Labs/Password_field'

2023-10-29 12:39:00 - [TEST_STEP][PASSED] - click(findTestObject("Page_Swag Labs/button_login")): Object: 'Object Repository/Page_Swag Labs/button_login' is clicked on

2023-10-29 12:39:01 - [MESSAGE][PASSED] - Object: 'Object Repository/Page_Swag Labs/button_login' is clicked on

2023-10-29 12:39:01 - [TEST_STEP][PASSED] - click(findTestObject("Page_Swag Labs/Title item Labs Backpack")): Object: 'Object Repository/Page_Swag Labs/Title item Labs Backpack' is clicked on

2023-10-29 12:39:02 - [MESSAGE][PASSED] - Object: 'Object Repository/Page_Swag Labs/Title item Labs Backpack' is clicked on

2023-10-29 12:39:02 - [TEST_STEP][PASSED] - click(findTestObject("Page_Swag Labs/button_Add to cart")): Object: 'Object Repository/Page_Swag Labs/button_Add to cart' is clicked on

2023-10-29 12:39:04 - [MESSAGE][PASSED] - Object: 'Object Repository/Page_Swag Labs/button_Add to cart' is clicked on

2023-10-29 12:39:04 - [TEST_STEP][PASSED] - verifyElementPresent(findTestObject("Page_Swag Labs/Cart pop up number"), 0): Object 'Object Repository/Page_Swag Labs/Cart pop up number' is present

2023-10-29 12:39:04 - [MESSAGE][WARNING] - Timeout '0' is invalid. Using default page load timeout: '30'

2023-10-29 12:39:05 - [MESSAGE][PASSED] - Object 'Object Repository/Page_Swag Labs/Cart pop up number' is present

2023-10-29 12:39:05 - [TEST_STEP][PASSED] - click(findTestObject("Page_Swag Labs/Cart Icon")): Object: 'Object Repository/Page_Swag Labs/Cart Icon' is clicked on

2023-10-29 12:39:08 - [MESSAGE][PASSED] - Object: 'Object Repository/Page_Swag Labs/Cart Icon' is clicked on

2023-10-29 12:39:08 - [TEST_STEP][PASSED] - verifyElementPresent(findTestObject("Page_Swag Labs/Title item Labs Backpack"), 0): Object 'Object Repository/Page_Swag Labs/Title item Labs Backpack' is present

2023-10-29 12:39:08 - [MESSAGE][WARNING] - Timeout '0' is invalid. Using default page load timeout: '30'

2023-10-29 12:39:10 - [MESSAGE][PASSED] - Object 'Object Repository/Page_Swag Labs/Title item Labs Backpack' is present

2023-10-29 12:39:10 - [TEST_STEP][PASSED] - click(findTestObject("Page_Swag Labs/button Checkout")): Object: 'Object Repository/Page_Swag Labs/button Checkout' is clicked on

2023-10-29 12:39:11 - [MESSAGE][PASSED] - Object: 'Object Repository/Page_Swag Labs/button Checkout' is clicked on

2023-10-29 12:39:11 - [TEST_STEP][PASSED] - setText(findTestObject("Page_Swag Labs/lastName field"), "Irawan"): Text 'Irawan' is set on object 'Object Repository/Page_Swag Labs/lastName field'

2023-10-29 12:39:12 - [MESSAGE][PASSED] - Text 'Irawan' is set on object 'Object Repository/Page_Swag Labs/lastName field'

2023-10-29 12:39:12 - [TEST_STEP][PASSED] - setText(findTestObject("Page_Swag Labs/postalCode field"), "15151"): Text '15151' is set on object 'Object Repository/Page_Swag Labs/postalCode field'

2023-10-29 12:39:13 - [MESSAGE][PASSED] - Text '15151' is set on object 'Object Repository/Page_Swag Labs/postalCode field'

2023-10-29 12:39:13 - [TEST_STEP][PASSED] - click(findTestObject("Page_Swag Labs/button Continue")): Object: 'Object Repository/Page_Swag Labs/button Continue' is clicked on

2023-10-29 12:39:14 - [MESSAGE][PASSED] - Object: 'Object Repository/Page_Swag Labs/button Continue' is clicked on

2023-10-29 12:39:14 - [TEST_STEP][PASSED] - verifyElementPresent(findTestObject("Page_Swag Labs/error message first name required"), 0): Object 'Object Repository/Page_Swag Labs/error message first name required' is present

2023-10-29 12:39:14 - [MESSAGE][WARNING] - Timeout '0' is invalid. Using default page load timeout: '30'

2023-10-29 12:39:15 - [MESSAGE][PASSED] - Object 'Object Repository/Page_Swag Labs/error message first name required' is present

2023-10-29 12:39:15 - [TEST_STEP][PASSED] - closeBrowser(): Browser is closed

2023-10-29 12:39:16 - [MESSAGE][PASSED] - Browser is closed]]></system-out>
         <system-err><![CDATA[]]></system-err>
      </testcase>
      <system-out><![CDATA[2023-10-29 12:38:18 - [TEST_SUITE][PASSED] - Checkout Feature Suite: Test Cases/Checkout/TS.Log.003 TC.Log.003.002 User checksout the items without filling the first name field]]></system-out>
      <system-err><![CDATA[]]></system-err>
   </testsuite>
</testsuites>
