<?xml version="1.0" encoding="UTF-8"?>
<testsuites name="Checkout Feature Suite" time="57.412" tests="2" failures="0" errors="0">
   <testsuite name="Checkout Feature Suite" tests="2" failures="0" errors="0" time="57.412" skipped="0" timestamp="2023-10-29 12:50:00" hostname="Fajar - 192.168.173.1" id="Test Suites/Checkout Feature Suite">
      <properties>
         <property name="deviceName" value=""/>
         <property name="devicePlatform" value=""/>
         <property name="logFolder" value="D:\\Users\\Fajar\\git\\Testing_Saucedemo\\Reports\\20231029_124402\\Checkout Feature Suite\\20231029_124407"/>
         <property name="logFiles" value="D:\\Users\\Fajar\\git\\Testing_Saucedemo\\Reports\\20231029_124402\\Checkout Feature Suite\\20231029_124407\\execution0.log"/>
         <property name="attachments" value=""/>
         <property name="hostName" value="Fajar - 192.168.173.1"/>
         <property name="os" value="Windows 10 64bit"/>
         <property name="katalonVersion" value="8.6.8.208"/>
         <property name="browser" value="Chrome 118.0.0.0"/>
         <property name="hostAddress" value="192.168.173.1"/>
         <property name="sessionId" value="d05bd660f2b9c5d12bcf8e823750ea2d"/>
         <property name="seleniumVersion" value="3.141.59"/>
         <property name="proxyInformation" value="ProxyInformation { proxyOption=NO_PROXY, proxyServerType=HTTP, username=, password=********, proxyServerAddress=, proxyServerPort=0, executionList=&quot;&quot;, isApplyToDesiredCapabilities=true }"/>
         <property name="platform" value="Windows 10"/>
      </properties>
      <testcase name="Test Cases/Checkout/TS.Log.003 TC.Log.003.001 User checkout the item in the cart" time="31.886" classname="Test Cases/Checkout/TS.Log.003 TC.Log.003.001 User checkout the item in the cart" status="PASSED">
         <system-out><![CDATA[2023-10-29 12:50:01 - [TEST_CASE][PASSED] - Test Cases/Checkout/TS.Log.003 TC.Log.003.001 User checkout the item in the cart: Test Cases/Checkout/TS.Log.003 TC.Log.003.001 User checkout the item in the cart

2023-10-29 12:50:02 - [TEST_STEP][PASSED] - openBrowser(""): Browser is opened with url: ''

2023-10-29 12:50:03 - [MESSAGE][INFO] - Starting 'Chrome' driver

2023-10-29 12:50:03 - [MESSAGE][INFO] - Action delay is set to 0 milliseconds

2023-10-29 12:50:09 - [MESSAGE][PASSED] - Browser is opened with url: ''

2023-10-29 12:50:09 - [TEST_STEP][PASSED] - navigateToUrl("https://www.saucedemo.com/"): Navigate to 'https://www.saucedemo.com/' successfully

2023-10-29 12:50:10 - [MESSAGE][PASSED] - Navigate to 'https://www.saucedemo.com/' successfully

2023-10-29 12:50:10 - [TEST_STEP][PASSED] - setText(findTestObject("Page_Swag Labs/Username_field"), "standard_user"): Text 'standard_user' is set on object 'Object Repository/Page_Swag Labs/Username_field'

2023-10-29 12:50:14 - [MESSAGE][PASSED] - Text 'standard_user' is set on object 'Object Repository/Page_Swag Labs/Username_field'

2023-10-29 12:50:14 - [TEST_STEP][PASSED] - setEncryptedText(findTestObject("Page_Swag Labs/Password_field"), "qcu24s4901FyWDTwXGr6XA=="): Text ****** has been set on object 'Object Repository/Page_Swag Labs/Password_field'

2023-10-29 12:50:16 - [MESSAGE][PASSED] - Text ****** has been set on object 'Object Repository/Page_Swag Labs/Password_field'

2023-10-29 12:50:16 - [TEST_STEP][PASSED] - click(findTestObject("Page_Swag Labs/button_login")): Object: 'Object Repository/Page_Swag Labs/button_login' is clicked on

2023-10-29 12:50:17 - [MESSAGE][PASSED] - Object: 'Object Repository/Page_Swag Labs/button_login' is clicked on

2023-10-29 12:50:17 - [TEST_STEP][PASSED] - click(findTestObject("Page_Swag Labs/Title item Labs Backpack")): Object: 'Object Repository/Page_Swag Labs/Title item Labs Backpack' is clicked on

2023-10-29 12:50:18 - [MESSAGE][PASSED] - Object: 'Object Repository/Page_Swag Labs/Title item Labs Backpack' is clicked on

2023-10-29 12:50:18 - [TEST_STEP][PASSED] - click(findTestObject("Page_Swag Labs/button_Add to cart")): Object: 'Object Repository/Page_Swag Labs/button_Add to cart' is clicked on

2023-10-29 12:50:20 - [MESSAGE][PASSED] - Object: 'Object Repository/Page_Swag Labs/button_Add to cart' is clicked on

2023-10-29 12:50:20 - [TEST_STEP][PASSED] - verifyElementPresent(findTestObject("Page_Swag Labs/Cart pop up number"), 0): Object 'Object Repository/Page_Swag Labs/Cart pop up number' is present

2023-10-29 12:50:20 - [MESSAGE][WARNING] - Timeout '0' is invalid. Using default page load timeout: '30'

2023-10-29 12:50:22 - [MESSAGE][PASSED] - Object 'Object Repository/Page_Swag Labs/Cart pop up number' is present

2023-10-29 12:50:22 - [TEST_STEP][PASSED] - click(findTestObject("Page_Swag Labs/Cart Icon")): Object: 'Object Repository/Page_Swag Labs/Cart Icon' is clicked on

2023-10-29 12:50:24 - [MESSAGE][PASSED] - Object: 'Object Repository/Page_Swag Labs/Cart Icon' is clicked on

2023-10-29 12:50:24 - [TEST_STEP][PASSED] - verifyElementPresent(findTestObject("Page_Swag Labs/Title item Labs Backpack"), 0): Object 'Object Repository/Page_Swag Labs/Title item Labs Backpack' is present

2023-10-29 12:50:24 - [MESSAGE][WARNING] - Timeout '0' is invalid. Using default page load timeout: '30'

2023-10-29 12:50:26 - [MESSAGE][PASSED] - Object 'Object Repository/Page_Swag Labs/Title item Labs Backpack' is present

2023-10-29 12:50:26 - [TEST_STEP][PASSED] - click(findTestObject("Page_Swag Labs/button Checkout")): Object: 'Object Repository/Page_Swag Labs/button Checkout' is clicked on

2023-10-29 12:50:27 - [MESSAGE][PASSED] - Object: 'Object Repository/Page_Swag Labs/button Checkout' is clicked on

2023-10-29 12:50:27 - [TEST_STEP][PASSED] - setText(findTestObject("Page_Swag Labs/firstName field"), "Fajar"): Text 'Fajar' is set on object 'Object Repository/Page_Swag Labs/firstName field'

2023-10-29 12:50:28 - [MESSAGE][PASSED] - Text 'Fajar' is set on object 'Object Repository/Page_Swag Labs/firstName field'

2023-10-29 12:50:28 - [TEST_STEP][PASSED] - setText(findTestObject("Page_Swag Labs/lastName field"), "Irawan"): Text 'Irawan' is set on object 'Object Repository/Page_Swag Labs/lastName field'

2023-10-29 12:50:29 - [MESSAGE][PASSED] - Text 'Irawan' is set on object 'Object Repository/Page_Swag Labs/lastName field'

2023-10-29 12:50:29 - [TEST_STEP][PASSED] - setText(findTestObject("Page_Swag Labs/postalCode field"), "15151"): Text '15151' is set on object 'Object Repository/Page_Swag Labs/postalCode field'

2023-10-29 12:50:30 - [MESSAGE][PASSED] - Text '15151' is set on object 'Object Repository/Page_Swag Labs/postalCode field'

2023-10-29 12:50:30 - [TEST_STEP][PASSED] - click(findTestObject("Page_Swag Labs/button Continue")): Object: 'Object Repository/Page_Swag Labs/button Continue' is clicked on

2023-10-29 12:50:30 - [MESSAGE][PASSED] - Object: 'Object Repository/Page_Swag Labs/button Continue' is clicked on

2023-10-29 12:50:30 - [TEST_STEP][PASSED] - verifyElementPresent(findTestObject("Page_Swag Labs/order information"), 0): Object 'Object Repository/Page_Swag Labs/order information' is present

2023-10-29 12:50:31 - [MESSAGE][WARNING] - Timeout '0' is invalid. Using default page load timeout: '30'

2023-10-29 12:50:31 - [MESSAGE][PASSED] - Object 'Object Repository/Page_Swag Labs/order information' is present

2023-10-29 12:50:31 - [TEST_STEP][PASSED] - click(findTestObject("Page_Swag Labs/button Finish")): Object: 'Object Repository/Page_Swag Labs/button Finish' is clicked on

2023-10-29 12:50:31 - [MESSAGE][PASSED] - Object: 'Object Repository/Page_Swag Labs/button Finish' is clicked on

2023-10-29 12:50:31 - [TEST_STEP][PASSED] - verifyElementPresent(findTestObject("Page_Swag Labs/Text Checkout Complete"), 0): Object 'Object Repository/Page_Swag Labs/Text Checkout Complete' is present

2023-10-29 12:50:32 - [MESSAGE][WARNING] - Timeout '0' is invalid. Using default page load timeout: '30'

2023-10-29 12:50:32 - [MESSAGE][PASSED] - Object 'Object Repository/Page_Swag Labs/Text Checkout Complete' is present

2023-10-29 12:50:32 - [TEST_STEP][PASSED] - closeBrowser(): Browser is closed

2023-10-29 12:50:33 - [MESSAGE][PASSED] - Browser is closed]]></system-out>
         <system-err><![CDATA[]]></system-err>
      </testcase>
      <testcase name="Test Cases/Checkout/TS.Log.003 TC.Log.003.002 User checksout the items without filling the first name field" time="24.87" classname="Test Cases/Checkout/TS.Log.003 TC.Log.003.002 User checksout the items without filling the first name field" status="PASSED">
         <system-out><![CDATA[2023-10-29 12:50:33 - [TEST_CASE][PASSED] - Test Cases/Checkout/TS.Log.003 TC.Log.003.002 User checksout the items without filling the first name field: Test Cases/Checkout/TS.Log.003 TC.Log.003.002 User checksout the items without filling the first name field

2023-10-29 12:50:34 - [TEST_STEP][PASSED] - openBrowser(""): Browser is opened with url: ''

2023-10-29 12:50:34 - [MESSAGE][INFO] - Starting 'Chrome' driver

2023-10-29 12:50:34 - [MESSAGE][INFO] - Action delay is set to 0 milliseconds

2023-10-29 12:50:36 - [MESSAGE][PASSED] - Browser is opened with url: ''

2023-10-29 12:50:36 - [TEST_STEP][PASSED] - navigateToUrl("https://www.saucedemo.com/"): Navigate to 'https://www.saucedemo.com/' successfully

2023-10-29 12:50:37 - [MESSAGE][PASSED] - Navigate to 'https://www.saucedemo.com/' successfully

2023-10-29 12:50:37 - [TEST_STEP][PASSED] - setText(findTestObject("Page_Swag Labs/Username_field"), "standard_user"): Text 'standard_user' is set on object 'Object Repository/Page_Swag Labs/Username_field'

2023-10-29 12:50:41 - [MESSAGE][PASSED] - Text 'standard_user' is set on object 'Object Repository/Page_Swag Labs/Username_field'

2023-10-29 12:50:41 - [TEST_STEP][PASSED] - setEncryptedText(findTestObject("Page_Swag Labs/Password_field"), "qcu24s4901FyWDTwXGr6XA=="): Text ****** has been set on object 'Object Repository/Page_Swag Labs/Password_field'

2023-10-29 12:50:42 - [MESSAGE][PASSED] - Text ****** has been set on object 'Object Repository/Page_Swag Labs/Password_field'

2023-10-29 12:50:42 - [TEST_STEP][PASSED] - click(findTestObject("Page_Swag Labs/button_login")): Object: 'Object Repository/Page_Swag Labs/button_login' is clicked on

2023-10-29 12:50:43 - [MESSAGE][PASSED] - Object: 'Object Repository/Page_Swag Labs/button_login' is clicked on

2023-10-29 12:50:43 - [TEST_STEP][PASSED] - click(findTestObject("Page_Swag Labs/Title item Labs Backpack")): Object: 'Object Repository/Page_Swag Labs/Title item Labs Backpack' is clicked on

2023-10-29 12:50:45 - [MESSAGE][PASSED] - Object: 'Object Repository/Page_Swag Labs/Title item Labs Backpack' is clicked on

2023-10-29 12:50:45 - [TEST_STEP][PASSED] - click(findTestObject("Page_Swag Labs/button_Add to cart")): Object: 'Object Repository/Page_Swag Labs/button_Add to cart' is clicked on

2023-10-29 12:50:46 - [MESSAGE][PASSED] - Object: 'Object Repository/Page_Swag Labs/button_Add to cart' is clicked on

2023-10-29 12:50:46 - [TEST_STEP][PASSED] - verifyElementPresent(findTestObject("Page_Swag Labs/Cart pop up number"), 0): Object 'Object Repository/Page_Swag Labs/Cart pop up number' is present

2023-10-29 12:50:46 - [MESSAGE][WARNING] - Timeout '0' is invalid. Using default page load timeout: '30'

2023-10-29 12:50:47 - [MESSAGE][PASSED] - Object 'Object Repository/Page_Swag Labs/Cart pop up number' is present

2023-10-29 12:50:47 - [TEST_STEP][PASSED] - click(findTestObject("Page_Swag Labs/Cart Icon")): Object: 'Object Repository/Page_Swag Labs/Cart Icon' is clicked on

2023-10-29 12:50:48 - [MESSAGE][PASSED] - Object: 'Object Repository/Page_Swag Labs/Cart Icon' is clicked on

2023-10-29 12:50:48 - [TEST_STEP][PASSED] - verifyElementPresent(findTestObject("Page_Swag Labs/Title item Labs Backpack"), 0): Object 'Object Repository/Page_Swag Labs/Title item Labs Backpack' is present

2023-10-29 12:50:48 - [MESSAGE][WARNING] - Timeout '0' is invalid. Using default page load timeout: '30'

2023-10-29 12:50:50 - [MESSAGE][PASSED] - Object 'Object Repository/Page_Swag Labs/Title item Labs Backpack' is present

2023-10-29 12:50:50 - [TEST_STEP][PASSED] - click(findTestObject("Page_Swag Labs/button Checkout")): Object: 'Object Repository/Page_Swag Labs/button Checkout' is clicked on

2023-10-29 12:50:53 - [MESSAGE][PASSED] - Object: 'Object Repository/Page_Swag Labs/button Checkout' is clicked on

2023-10-29 12:50:53 - [TEST_STEP][PASSED] - setText(findTestObject("Page_Swag Labs/lastName field"), "Irawan"): Text 'Irawan' is set on object 'Object Repository/Page_Swag Labs/lastName field'

2023-10-29 12:50:55 - [MESSAGE][PASSED] - Text 'Irawan' is set on object 'Object Repository/Page_Swag Labs/lastName field'

2023-10-29 12:50:55 - [TEST_STEP][PASSED] - setText(findTestObject("Page_Swag Labs/postalCode field"), "15151"): Text '15151' is set on object 'Object Repository/Page_Swag Labs/postalCode field'

2023-10-29 12:50:56 - [MESSAGE][PASSED] - Text '15151' is set on object 'Object Repository/Page_Swag Labs/postalCode field'

2023-10-29 12:50:56 - [TEST_STEP][PASSED] - click(findTestObject("Page_Swag Labs/button Continue")): Object: 'Object Repository/Page_Swag Labs/button Continue' is clicked on

2023-10-29 12:50:56 - [MESSAGE][PASSED] - Object: 'Object Repository/Page_Swag Labs/button Continue' is clicked on

2023-10-29 12:50:56 - [TEST_STEP][PASSED] - verifyElementPresent(findTestObject("Page_Swag Labs/error message first name required"), 0): Object 'Object Repository/Page_Swag Labs/error message first name required' is present

2023-10-29 12:50:56 - [MESSAGE][WARNING] - Timeout '0' is invalid. Using default page load timeout: '30'

2023-10-29 12:50:57 - [MESSAGE][PASSED] - Object 'Object Repository/Page_Swag Labs/error message first name required' is present

2023-10-29 12:50:57 - [TEST_STEP][PASSED] - closeBrowser(): Browser is closed

2023-10-29 12:50:58 - [MESSAGE][PASSED] - Browser is closed]]></system-out>
         <system-err><![CDATA[]]></system-err>
      </testcase>
      <system-out><![CDATA[2023-10-29 12:50:00 - [TEST_SUITE][PASSED] - Checkout Feature Suite: Test Cases/Checkout/TS.Log.003 TC.Log.003.002 User checksout the items without filling the first name field]]></system-out>
      <system-err><![CDATA[]]></system-err>
   </testsuite>
</testsuites>
