<?xml version="1.0" encoding="UTF-8"?>
<testsuites name="Checkout Feature Suite" time="123.804" tests="5" failures="0" errors="0">
   <testsuite name="Checkout Feature Suite" tests="5" failures="0" errors="0" time="123.804" skipped="0" timestamp="2023-10-30 20:16:28" hostname="Fajar - 192.168.173.1" id="Test Suites/Checkout Feature Suite">
      <properties>
         <property name="deviceName" value=""/>
         <property name="devicePlatform" value=""/>
         <property name="logFolder" value="D:\\Users\\Fajar\\git\\Testing_Saucedemo\\Reports\\20231030_200940\\Checkout Feature Suite\\20231030_200945"/>
         <property name="logFiles" value="D:\\Users\\Fajar\\git\\Testing_Saucedemo\\Reports\\20231030_200940\\Checkout Feature Suite\\20231030_200945\\execution0.log"/>
         <property name="attachments" value=""/>
         <property name="hostName" value="Fajar - 192.168.173.1"/>
         <property name="os" value="Windows 10 64bit"/>
         <property name="katalonVersion" value="8.6.8.208"/>
         <property name="browser" value="Chrome 118.0.0.0"/>
         <property name="hostAddress" value="192.168.173.1"/>
         <property name="sessionId" value="1e4249a7ea93c685c7558522462d5569"/>
         <property name="seleniumVersion" value="3.141.59"/>
         <property name="proxyInformation" value="ProxyInformation { proxyOption=NO_PROXY, proxyServerType=HTTP, username=, password=********, proxyServerAddress=, proxyServerPort=0, executionList=&quot;&quot;, isApplyToDesiredCapabilities=true }"/>
         <property name="platform" value="Windows 10"/>
      </properties>
      <testcase name="Test Cases/Checkout/TS.Log.003 TC.Log.003.001 User checkout the item in the cart" time="31.124" classname="Test Cases/Checkout/TS.Log.003 TC.Log.003.001 User checkout the item in the cart" status="PASSED">
         <system-out><![CDATA[2023-10-30 20:16:28 - [TEST_CASE][PASSED] - Test Cases/Checkout/TS.Log.003 TC.Log.003.001 User checkout the item in the cart: Test Cases/Checkout/TS.Log.003 TC.Log.003.001 User checkout the item in the cart

2023-10-30 20:16:30 - [TEST_STEP][PASSED] - openBrowser(""): Browser is opened with url: ''

2023-10-30 20:16:30 - [MESSAGE][INFO] - Starting 'Chrome' driver

2023-10-30 20:16:31 - [MESSAGE][INFO] - Action delay is set to 0 milliseconds

2023-10-30 20:16:37 - [MESSAGE][PASSED] - Browser is opened with url: ''

2023-10-30 20:16:37 - [TEST_STEP][PASSED] - navigateToUrl("https://www.saucedemo.com/"): Navigate to 'https://www.saucedemo.com/' successfully

2023-10-30 20:16:38 - [MESSAGE][PASSED] - Navigate to 'https://www.saucedemo.com/' successfully

2023-10-30 20:16:38 - [TEST_STEP][PASSED] - setText(findTestObject("Page_Swag Labs/Username_field"), "standard_user"): Text 'standard_user' is set on object 'Object Repository/Page_Swag Labs/Username_field'

2023-10-30 20:16:42 - [MESSAGE][PASSED] - Text 'standard_user' is set on object 'Object Repository/Page_Swag Labs/Username_field'

2023-10-30 20:16:42 - [TEST_STEP][PASSED] - setEncryptedText(findTestObject("Page_Swag Labs/Password_field"), "qcu24s4901FyWDTwXGr6XA=="): Text ****** has been set on object 'Object Repository/Page_Swag Labs/Password_field'

2023-10-30 20:16:43 - [MESSAGE][PASSED] - Text ****** has been set on object 'Object Repository/Page_Swag Labs/Password_field'

2023-10-30 20:16:43 - [TEST_STEP][PASSED] - click(findTestObject("Page_Swag Labs/button_login")): Object: 'Object Repository/Page_Swag Labs/button_login' is clicked on

2023-10-30 20:16:45 - [MESSAGE][PASSED] - Object: 'Object Repository/Page_Swag Labs/button_login' is clicked on

2023-10-30 20:16:45 - [TEST_STEP][PASSED] - click(findTestObject("Page_Swag Labs/Title item Labs Backpack")): Object: 'Object Repository/Page_Swag Labs/Title item Labs Backpack' is clicked on

2023-10-30 20:16:46 - [MESSAGE][PASSED] - Object: 'Object Repository/Page_Swag Labs/Title item Labs Backpack' is clicked on

2023-10-30 20:16:46 - [TEST_STEP][PASSED] - click(findTestObject("Page_Swag Labs/button_Add to cart")): Object: 'Object Repository/Page_Swag Labs/button_Add to cart' is clicked on

2023-10-30 20:16:48 - [MESSAGE][PASSED] - Object: 'Object Repository/Page_Swag Labs/button_Add to cart' is clicked on

2023-10-30 20:16:48 - [TEST_STEP][PASSED] - verifyElementPresent(findTestObject("Page_Swag Labs/Cart pop up number"), 0): Object 'Object Repository/Page_Swag Labs/Cart pop up number' is present

2023-10-30 20:16:49 - [MESSAGE][WARNING] - Timeout '0' is invalid. Using default page load timeout: '30'

2023-10-30 20:16:50 - [MESSAGE][PASSED] - Object 'Object Repository/Page_Swag Labs/Cart pop up number' is present

2023-10-30 20:16:50 - [TEST_STEP][PASSED] - click(findTestObject("Page_Swag Labs/Cart Icon")): Object: 'Object Repository/Page_Swag Labs/Cart Icon' is clicked on

2023-10-30 20:16:51 - [MESSAGE][PASSED] - Object: 'Object Repository/Page_Swag Labs/Cart Icon' is clicked on

2023-10-30 20:16:51 - [TEST_STEP][PASSED] - verifyElementPresent(findTestObject("Page_Swag Labs/Title item Labs Backpack"), 0): Object 'Object Repository/Page_Swag Labs/Title item Labs Backpack' is present

2023-10-30 20:16:52 - [MESSAGE][WARNING] - Timeout '0' is invalid. Using default page load timeout: '30'

2023-10-30 20:16:53 - [MESSAGE][PASSED] - Object 'Object Repository/Page_Swag Labs/Title item Labs Backpack' is present

2023-10-30 20:16:53 - [TEST_STEP][PASSED] - click(findTestObject("Page_Swag Labs/button Checkout")): Object: 'Object Repository/Page_Swag Labs/button Checkout' is clicked on

2023-10-30 20:16:53 - [MESSAGE][PASSED] - Object: 'Object Repository/Page_Swag Labs/button Checkout' is clicked on

2023-10-30 20:16:53 - [TEST_STEP][PASSED] - setText(findTestObject("Page_Swag Labs/firstName field"), "Fajar"): Text 'Fajar' is set on object 'Object Repository/Page_Swag Labs/firstName field'

2023-10-30 20:16:54 - [MESSAGE][PASSED] - Text 'Fajar' is set on object 'Object Repository/Page_Swag Labs/firstName field'

2023-10-30 20:16:54 - [TEST_STEP][PASSED] - setText(findTestObject("Page_Swag Labs/lastName field"), "Irawan"): Text 'Irawan' is set on object 'Object Repository/Page_Swag Labs/lastName field'

2023-10-30 20:16:56 - [MESSAGE][PASSED] - Text 'Irawan' is set on object 'Object Repository/Page_Swag Labs/lastName field'

2023-10-30 20:16:56 - [TEST_STEP][PASSED] - setText(findTestObject("Page_Swag Labs/postalCode field"), "15151"): Text '15151' is set on object 'Object Repository/Page_Swag Labs/postalCode field'

2023-10-30 20:16:57 - [MESSAGE][PASSED] - Text '15151' is set on object 'Object Repository/Page_Swag Labs/postalCode field'

2023-10-30 20:16:57 - [TEST_STEP][PASSED] - click(findTestObject("Page_Swag Labs/button Continue")): Object: 'Object Repository/Page_Swag Labs/button Continue' is clicked on

2023-10-30 20:16:57 - [MESSAGE][PASSED] - Object: 'Object Repository/Page_Swag Labs/button Continue' is clicked on

2023-10-30 20:16:57 - [TEST_STEP][PASSED] - verifyElementPresent(findTestObject("Page_Swag Labs/order information"), 0): Object 'Object Repository/Page_Swag Labs/order information' is present

2023-10-30 20:16:57 - [MESSAGE][WARNING] - Timeout '0' is invalid. Using default page load timeout: '30'

2023-10-30 20:16:58 - [MESSAGE][PASSED] - Object 'Object Repository/Page_Swag Labs/order information' is present

2023-10-30 20:16:58 - [TEST_STEP][PASSED] - click(findTestObject("Page_Swag Labs/button Finish")): Object: 'Object Repository/Page_Swag Labs/button Finish' is clicked on

2023-10-30 20:16:58 - [MESSAGE][PASSED] - Object: 'Object Repository/Page_Swag Labs/button Finish' is clicked on

2023-10-30 20:16:58 - [TEST_STEP][PASSED] - verifyElementPresent(findTestObject("Page_Swag Labs/Text Checkout Complete"), 0): Object 'Object Repository/Page_Swag Labs/Text Checkout Complete' is present

2023-10-30 20:16:58 - [MESSAGE][WARNING] - Timeout '0' is invalid. Using default page load timeout: '30'

2023-10-30 20:16:59 - [MESSAGE][PASSED] - Object 'Object Repository/Page_Swag Labs/Text Checkout Complete' is present

2023-10-30 20:16:59 - [TEST_STEP][PASSED] - closeBrowser(): Browser is closed

2023-10-30 20:17:00 - [MESSAGE][PASSED] - Browser is closed]]></system-out>
         <system-err><![CDATA[]]></system-err>
      </testcase>
      <testcase name="Test Cases/Checkout/TS.Log.003 TC.Log.003.002 User checkout the items without filling the first name field" time="26.646" classname="Test Cases/Checkout/TS.Log.003 TC.Log.003.002 User checkout the items without filling the first name field" status="PASSED">
         <system-out><![CDATA[2023-10-30 20:17:00 - [TEST_CASE][PASSED] - Test Cases/Checkout/TS.Log.003 TC.Log.003.002 User checkout the items without filling the first name field: Test Cases/Checkout/TS.Log.003 TC.Log.003.002 User checkout the items without filling the first name field

2023-10-30 20:17:00 - [TEST_STEP][PASSED] - openBrowser(""): Browser is opened with url: ''

2023-10-30 20:17:00 - [MESSAGE][INFO] - Starting 'Chrome' driver

2023-10-30 20:17:00 - [MESSAGE][INFO] - Action delay is set to 0 milliseconds

2023-10-30 20:17:03 - [MESSAGE][PASSED] - Browser is opened with url: ''

2023-10-30 20:17:03 - [TEST_STEP][PASSED] - navigateToUrl("https://www.saucedemo.com/"): Navigate to 'https://www.saucedemo.com/' successfully

2023-10-30 20:17:07 - [MESSAGE][PASSED] - Navigate to 'https://www.saucedemo.com/' successfully

2023-10-30 20:17:07 - [TEST_STEP][PASSED] - setText(findTestObject("Page_Swag Labs/Username_field"), "standard_user"): Text 'standard_user' is set on object 'Object Repository/Page_Swag Labs/Username_field'

2023-10-30 20:17:10 - [MESSAGE][PASSED] - Text 'standard_user' is set on object 'Object Repository/Page_Swag Labs/Username_field'

2023-10-30 20:17:10 - [TEST_STEP][PASSED] - setEncryptedText(findTestObject("Page_Swag Labs/Password_field"), "qcu24s4901FyWDTwXGr6XA=="): Text ****** has been set on object 'Object Repository/Page_Swag Labs/Password_field'

2023-10-30 20:17:12 - [MESSAGE][PASSED] - Text ****** has been set on object 'Object Repository/Page_Swag Labs/Password_field'

2023-10-30 20:17:12 - [TEST_STEP][PASSED] - click(findTestObject("Page_Swag Labs/button_login")): Object: 'Object Repository/Page_Swag Labs/button_login' is clicked on

2023-10-30 20:17:14 - [MESSAGE][PASSED] - Object: 'Object Repository/Page_Swag Labs/button_login' is clicked on

2023-10-30 20:17:14 - [TEST_STEP][PASSED] - click(findTestObject("Page_Swag Labs/Title item Labs Backpack")): Object: 'Object Repository/Page_Swag Labs/Title item Labs Backpack' is clicked on

2023-10-30 20:17:15 - [MESSAGE][PASSED] - Object: 'Object Repository/Page_Swag Labs/Title item Labs Backpack' is clicked on

2023-10-30 20:17:15 - [TEST_STEP][PASSED] - click(findTestObject("Page_Swag Labs/button_Add to cart")): Object: 'Object Repository/Page_Swag Labs/button_Add to cart' is clicked on

2023-10-30 20:17:17 - [MESSAGE][PASSED] - Object: 'Object Repository/Page_Swag Labs/button_Add to cart' is clicked on

2023-10-30 20:17:17 - [TEST_STEP][PASSED] - verifyElementPresent(findTestObject("Page_Swag Labs/Cart pop up number"), 0): Object 'Object Repository/Page_Swag Labs/Cart pop up number' is present

2023-10-30 20:17:18 - [MESSAGE][WARNING] - Timeout '0' is invalid. Using default page load timeout: '30'

2023-10-30 20:17:19 - [MESSAGE][PASSED] - Object 'Object Repository/Page_Swag Labs/Cart pop up number' is present

2023-10-30 20:17:19 - [TEST_STEP][PASSED] - click(findTestObject("Page_Swag Labs/Cart Icon")): Object: 'Object Repository/Page_Swag Labs/Cart Icon' is clicked on

2023-10-30 20:17:21 - [MESSAGE][PASSED] - Object: 'Object Repository/Page_Swag Labs/Cart Icon' is clicked on

2023-10-30 20:17:21 - [TEST_STEP][PASSED] - verifyElementPresent(findTestObject("Page_Swag Labs/Title item Labs Backpack"), 0): Object 'Object Repository/Page_Swag Labs/Title item Labs Backpack' is present

2023-10-30 20:17:21 - [MESSAGE][WARNING] - Timeout '0' is invalid. Using default page load timeout: '30'

2023-10-30 20:17:21 - [MESSAGE][PASSED] - Object 'Object Repository/Page_Swag Labs/Title item Labs Backpack' is present

2023-10-30 20:17:21 - [TEST_STEP][PASSED] - click(findTestObject("Page_Swag Labs/button Checkout")): Object: 'Object Repository/Page_Swag Labs/button Checkout' is clicked on

2023-10-30 20:17:22 - [MESSAGE][PASSED] - Object: 'Object Repository/Page_Swag Labs/button Checkout' is clicked on

2023-10-30 20:17:22 - [TEST_STEP][PASSED] - setText(findTestObject("Page_Swag Labs/lastName field"), "Irawan"): Text 'Irawan' is set on object 'Object Repository/Page_Swag Labs/lastName field'

2023-10-30 20:17:23 - [MESSAGE][PASSED] - Text 'Irawan' is set on object 'Object Repository/Page_Swag Labs/lastName field'

2023-10-30 20:17:23 - [TEST_STEP][PASSED] - setText(findTestObject("Page_Swag Labs/postalCode field"), "15151"): Text '15151' is set on object 'Object Repository/Page_Swag Labs/postalCode field'

2023-10-30 20:17:24 - [MESSAGE][PASSED] - Text '15151' is set on object 'Object Repository/Page_Swag Labs/postalCode field'

2023-10-30 20:17:24 - [TEST_STEP][PASSED] - click(findTestObject("Page_Swag Labs/button Continue")): Object: 'Object Repository/Page_Swag Labs/button Continue' is clicked on

2023-10-30 20:17:24 - [MESSAGE][PASSED] - Object: 'Object Repository/Page_Swag Labs/button Continue' is clicked on

2023-10-30 20:17:24 - [TEST_STEP][PASSED] - verifyElementPresent(findTestObject("Page_Swag Labs/error message first name required"), 0): Object 'Object Repository/Page_Swag Labs/error message first name required' is present

2023-10-30 20:17:25 - [MESSAGE][WARNING] - Timeout '0' is invalid. Using default page load timeout: '30'

2023-10-30 20:17:25 - [MESSAGE][PASSED] - Object 'Object Repository/Page_Swag Labs/error message first name required' is present

2023-10-30 20:17:25 - [TEST_STEP][PASSED] - closeBrowser(): Browser is closed

2023-10-30 20:17:26 - [MESSAGE][PASSED] - Browser is closed]]></system-out>
         <system-err><![CDATA[]]></system-err>
      </testcase>
      <testcase name="Test Cases/Checkout/TS.Log.003 TC.Log.003.003 User checkout the items without filling the second name field" time="22.972" classname="Test Cases/Checkout/TS.Log.003 TC.Log.003.003 User checkout the items without filling the second name field" status="PASSED">
         <system-out><![CDATA[2023-10-30 20:17:26 - [TEST_CASE][PASSED] - Test Cases/Checkout/TS.Log.003 TC.Log.003.003 User checkout the items without filling the second name field: Test Cases/Checkout/TS.Log.003 TC.Log.003.003 User checkout the items without filling the second name field

2023-10-30 20:17:27 - [TEST_STEP][PASSED] - openBrowser(""): Browser is opened with url: ''

2023-10-30 20:17:27 - [MESSAGE][INFO] - Starting 'Chrome' driver

2023-10-30 20:17:27 - [MESSAGE][INFO] - Action delay is set to 0 milliseconds

2023-10-30 20:17:30 - [MESSAGE][PASSED] - Browser is opened with url: ''

2023-10-30 20:17:30 - [TEST_STEP][PASSED] - navigateToUrl("https://www.saucedemo.com/"): Navigate to 'https://www.saucedemo.com/' successfully

2023-10-30 20:17:31 - [MESSAGE][PASSED] - Navigate to 'https://www.saucedemo.com/' successfully

2023-10-30 20:17:31 - [TEST_STEP][PASSED] - setText(findTestObject("Page_Swag Labs/Username_field"), "standard_user"): Text 'standard_user' is set on object 'Object Repository/Page_Swag Labs/Username_field'

2023-10-30 20:17:34 - [MESSAGE][PASSED] - Text 'standard_user' is set on object 'Object Repository/Page_Swag Labs/Username_field'

2023-10-30 20:17:34 - [TEST_STEP][PASSED] - setEncryptedText(findTestObject("Page_Swag Labs/Password_field"), "qcu24s4901FyWDTwXGr6XA=="): Text ****** has been set on object 'Object Repository/Page_Swag Labs/Password_field'

2023-10-30 20:17:35 - [MESSAGE][PASSED] - Text ****** has been set on object 'Object Repository/Page_Swag Labs/Password_field'

2023-10-30 20:17:35 - [TEST_STEP][PASSED] - click(findTestObject("Page_Swag Labs/button_login")): Object: 'Object Repository/Page_Swag Labs/button_login' is clicked on

2023-10-30 20:17:36 - [MESSAGE][PASSED] - Object: 'Object Repository/Page_Swag Labs/button_login' is clicked on

2023-10-30 20:17:36 - [TEST_STEP][PASSED] - click(findTestObject("Page_Swag Labs/Title item Labs Backpack")): Object: 'Object Repository/Page_Swag Labs/Title item Labs Backpack' is clicked on

2023-10-30 20:17:38 - [MESSAGE][PASSED] - Object: 'Object Repository/Page_Swag Labs/Title item Labs Backpack' is clicked on

2023-10-30 20:17:38 - [TEST_STEP][PASSED] - click(findTestObject("Page_Swag Labs/button_Add to cart")): Object: 'Object Repository/Page_Swag Labs/button_Add to cart' is clicked on

2023-10-30 20:17:39 - [MESSAGE][PASSED] - Object: 'Object Repository/Page_Swag Labs/button_Add to cart' is clicked on

2023-10-30 20:17:39 - [TEST_STEP][PASSED] - verifyElementPresent(findTestObject("Page_Swag Labs/Cart pop up number"), 0): Object 'Object Repository/Page_Swag Labs/Cart pop up number' is present

2023-10-30 20:17:39 - [MESSAGE][WARNING] - Timeout '0' is invalid. Using default page load timeout: '30'

2023-10-30 20:17:40 - [MESSAGE][PASSED] - Object 'Object Repository/Page_Swag Labs/Cart pop up number' is present

2023-10-30 20:17:40 - [TEST_STEP][PASSED] - click(findTestObject("Page_Swag Labs/Cart Icon")): Object: 'Object Repository/Page_Swag Labs/Cart Icon' is clicked on

2023-10-30 20:17:42 - [MESSAGE][PASSED] - Object: 'Object Repository/Page_Swag Labs/Cart Icon' is clicked on

2023-10-30 20:17:42 - [TEST_STEP][PASSED] - verifyElementPresent(findTestObject("Page_Swag Labs/Title item Labs Backpack"), 0): Object 'Object Repository/Page_Swag Labs/Title item Labs Backpack' is present

2023-10-30 20:17:42 - [MESSAGE][WARNING] - Timeout '0' is invalid. Using default page load timeout: '30'

2023-10-30 20:17:43 - [MESSAGE][PASSED] - Object 'Object Repository/Page_Swag Labs/Title item Labs Backpack' is present

2023-10-30 20:17:43 - [TEST_STEP][PASSED] - click(findTestObject("Page_Swag Labs/button Checkout")): Object: 'Object Repository/Page_Swag Labs/button Checkout' is clicked on

2023-10-30 20:17:45 - [MESSAGE][PASSED] - Object: 'Object Repository/Page_Swag Labs/button Checkout' is clicked on

2023-10-30 20:17:45 - [TEST_STEP][PASSED] - setText(findTestObject("Page_Swag Labs/firstName field"), "Fajar"): Text 'Fajar' is set on object 'Object Repository/Page_Swag Labs/firstName field'

2023-10-30 20:17:46 - [MESSAGE][PASSED] - Text 'Fajar' is set on object 'Object Repository/Page_Swag Labs/firstName field'

2023-10-30 20:17:46 - [TEST_STEP][PASSED] - setText(findTestObject("Page_Swag Labs/postalCode field"), "15151"): Text '15151' is set on object 'Object Repository/Page_Swag Labs/postalCode field'

2023-10-30 20:17:47 - [MESSAGE][PASSED] - Text '15151' is set on object 'Object Repository/Page_Swag Labs/postalCode field'

2023-10-30 20:17:47 - [TEST_STEP][PASSED] - click(findTestObject("Page_Swag Labs/button Continue")): Object: 'Object Repository/Page_Swag Labs/button Continue' is clicked on

2023-10-30 20:17:48 - [MESSAGE][PASSED] - Object: 'Object Repository/Page_Swag Labs/button Continue' is clicked on

2023-10-30 20:17:48 - [TEST_STEP][PASSED] - verifyElementPresent(findTestObject("Page_Swag Labs/error message second name required"), 0): Object 'Object Repository/Page_Swag Labs/error message second name required' is present

2023-10-30 20:17:48 - [MESSAGE][WARNING] - Timeout '0' is invalid. Using default page load timeout: '30'

2023-10-30 20:17:48 - [MESSAGE][PASSED] - Object 'Object Repository/Page_Swag Labs/error message second name required' is present

2023-10-30 20:17:48 - [TEST_STEP][PASSED] - closeBrowser(): Browser is closed

2023-10-30 20:17:49 - [MESSAGE][PASSED] - Browser is closed]]></system-out>
         <system-err><![CDATA[]]></system-err>
      </testcase>
      <testcase name="Test Cases/Checkout/TS.Log.003 TC.Log.003.004 User checkout the items without filling the zip code field" time="22.891" classname="Test Cases/Checkout/TS.Log.003 TC.Log.003.004 User checkout the items without filling the zip code field" status="PASSED">
         <system-out><![CDATA[2023-10-30 20:17:49 - [TEST_CASE][PASSED] - Test Cases/Checkout/TS.Log.003 TC.Log.003.004 User checkout the items without filling the zip code field: Test Cases/Checkout/TS.Log.003 TC.Log.003.004 User checkout the items without filling the zip code field

2023-10-30 20:17:50 - [TEST_STEP][PASSED] - openBrowser(""): Browser is opened with url: ''

2023-10-30 20:17:50 - [MESSAGE][INFO] - Starting 'Chrome' driver

2023-10-30 20:17:50 - [MESSAGE][INFO] - Action delay is set to 0 milliseconds

2023-10-30 20:17:53 - [MESSAGE][PASSED] - Browser is opened with url: ''

2023-10-30 20:17:53 - [TEST_STEP][PASSED] - navigateToUrl("https://www.saucedemo.com/"): Navigate to 'https://www.saucedemo.com/' successfully

2023-10-30 20:17:53 - [MESSAGE][PASSED] - Navigate to 'https://www.saucedemo.com/' successfully

2023-10-30 20:17:53 - [TEST_STEP][PASSED] - setText(findTestObject("Page_Swag Labs/Username_field"), "standard_user"): Text 'standard_user' is set on object 'Object Repository/Page_Swag Labs/Username_field'

2023-10-30 20:17:57 - [MESSAGE][PASSED] - Text 'standard_user' is set on object 'Object Repository/Page_Swag Labs/Username_field'

2023-10-30 20:17:57 - [TEST_STEP][PASSED] - setEncryptedText(findTestObject("Page_Swag Labs/Password_field"), "qcu24s4901FyWDTwXGr6XA=="): Text ****** has been set on object 'Object Repository/Page_Swag Labs/Password_field'

2023-10-30 20:17:58 - [MESSAGE][PASSED] - Text ****** has been set on object 'Object Repository/Page_Swag Labs/Password_field'

2023-10-30 20:17:58 - [TEST_STEP][PASSED] - click(findTestObject("Page_Swag Labs/button_login")): Object: 'Object Repository/Page_Swag Labs/button_login' is clicked on

2023-10-30 20:17:59 - [MESSAGE][PASSED] - Object: 'Object Repository/Page_Swag Labs/button_login' is clicked on

2023-10-30 20:17:59 - [TEST_STEP][PASSED] - click(findTestObject("Page_Swag Labs/Title item Labs Backpack")): Object: 'Object Repository/Page_Swag Labs/Title item Labs Backpack' is clicked on

2023-10-30 20:18:01 - [MESSAGE][PASSED] - Object: 'Object Repository/Page_Swag Labs/Title item Labs Backpack' is clicked on

2023-10-30 20:18:01 - [TEST_STEP][PASSED] - click(findTestObject("Page_Swag Labs/button_Add to cart")): Object: 'Object Repository/Page_Swag Labs/button_Add to cart' is clicked on

2023-10-30 20:18:03 - [MESSAGE][PASSED] - Object: 'Object Repository/Page_Swag Labs/button_Add to cart' is clicked on

2023-10-30 20:18:03 - [TEST_STEP][PASSED] - verifyElementPresent(findTestObject("Page_Swag Labs/Cart pop up number"), 0): Object 'Object Repository/Page_Swag Labs/Cart pop up number' is present

2023-10-30 20:18:03 - [MESSAGE][WARNING] - Timeout '0' is invalid. Using default page load timeout: '30'

2023-10-30 20:18:04 - [MESSAGE][PASSED] - Object 'Object Repository/Page_Swag Labs/Cart pop up number' is present

2023-10-30 20:18:04 - [TEST_STEP][PASSED] - click(findTestObject("Page_Swag Labs/Cart Icon")): Object: 'Object Repository/Page_Swag Labs/Cart Icon' is clicked on

2023-10-30 20:18:05 - [MESSAGE][PASSED] - Object: 'Object Repository/Page_Swag Labs/Cart Icon' is clicked on

2023-10-30 20:18:05 - [TEST_STEP][PASSED] - verifyElementPresent(findTestObject("Page_Swag Labs/Title item Labs Backpack"), 0): Object 'Object Repository/Page_Swag Labs/Title item Labs Backpack' is present

2023-10-30 20:18:05 - [MESSAGE][WARNING] - Timeout '0' is invalid. Using default page load timeout: '30'

2023-10-30 20:18:06 - [MESSAGE][PASSED] - Object 'Object Repository/Page_Swag Labs/Title item Labs Backpack' is present

2023-10-30 20:18:06 - [TEST_STEP][PASSED] - click(findTestObject("Page_Swag Labs/button Checkout")): Object: 'Object Repository/Page_Swag Labs/button Checkout' is clicked on

2023-10-30 20:18:08 - [MESSAGE][PASSED] - Object: 'Object Repository/Page_Swag Labs/button Checkout' is clicked on

2023-10-30 20:18:08 - [TEST_STEP][PASSED] - setText(findTestObject("Page_Swag Labs/firstName field"), "Fajar"): Text 'Fajar' is set on object 'Object Repository/Page_Swag Labs/firstName field'

2023-10-30 20:18:09 - [MESSAGE][PASSED] - Text 'Fajar' is set on object 'Object Repository/Page_Swag Labs/firstName field'

2023-10-30 20:18:09 - [TEST_STEP][PASSED] - setText(findTestObject("Page_Swag Labs/lastName field"), "Irawan"): Text 'Irawan' is set on object 'Object Repository/Page_Swag Labs/lastName field'

2023-10-30 20:18:10 - [MESSAGE][PASSED] - Text 'Irawan' is set on object 'Object Repository/Page_Swag Labs/lastName field'

2023-10-30 20:18:10 - [TEST_STEP][PASSED] - click(findTestObject("Page_Swag Labs/button Continue")): Object: 'Object Repository/Page_Swag Labs/button Continue' is clicked on

2023-10-30 20:18:11 - [MESSAGE][PASSED] - Object: 'Object Repository/Page_Swag Labs/button Continue' is clicked on

2023-10-30 20:18:11 - [TEST_STEP][PASSED] - verifyElementPresent(findTestObject("Page_Swag Labs/error message second zip required"), 0): Object 'Object Repository/Page_Swag Labs/error message second zip required' is present

2023-10-30 20:18:11 - [MESSAGE][WARNING] - Timeout '0' is invalid. Using default page load timeout: '30'

2023-10-30 20:18:11 - [MESSAGE][PASSED] - Object 'Object Repository/Page_Swag Labs/error message second zip required' is present

2023-10-30 20:18:11 - [TEST_STEP][PASSED] - closeBrowser(): Browser is closed

2023-10-30 20:18:12 - [MESSAGE][PASSED] - Browser is closed]]></system-out>
         <system-err><![CDATA[]]></system-err>
      </testcase>
      <testcase name="Test Cases/Checkout/TS.Log.003 TC.Log.003.005 User checkout the items without filling user information" time="19.302" classname="Test Cases/Checkout/TS.Log.003 TC.Log.003.005 User checkout the items without filling user information" status="PASSED">
         <system-out><![CDATA[2023-10-30 20:18:12 - [TEST_CASE][PASSED] - Test Cases/Checkout/TS.Log.003 TC.Log.003.005 User checkout the items without filling user information: Test Cases/Checkout/TS.Log.003 TC.Log.003.005 User checkout the items without filling user information

2023-10-30 20:18:13 - [TEST_STEP][PASSED] - openBrowser(""): Browser is opened with url: ''

2023-10-30 20:18:13 - [MESSAGE][INFO] - Starting 'Chrome' driver

2023-10-30 20:18:13 - [MESSAGE][INFO] - Action delay is set to 0 milliseconds

2023-10-30 20:18:16 - [MESSAGE][PASSED] - Browser is opened with url: ''

2023-10-30 20:18:16 - [TEST_STEP][PASSED] - navigateToUrl("https://www.saucedemo.com/"): Navigate to 'https://www.saucedemo.com/' successfully

2023-10-30 20:18:18 - [MESSAGE][PASSED] - Navigate to 'https://www.saucedemo.com/' successfully

2023-10-30 20:18:18 - [TEST_STEP][PASSED] - setText(findTestObject("Page_Swag Labs/Username_field"), "standard_user"): Text 'standard_user' is set on object 'Object Repository/Page_Swag Labs/Username_field'

2023-10-30 20:18:20 - [MESSAGE][PASSED] - Text 'standard_user' is set on object 'Object Repository/Page_Swag Labs/Username_field'

2023-10-30 20:18:20 - [TEST_STEP][PASSED] - setEncryptedText(findTestObject("Page_Swag Labs/Password_field"), "qcu24s4901FyWDTwXGr6XA=="): Text ****** has been set on object 'Object Repository/Page_Swag Labs/Password_field'

2023-10-30 20:18:21 - [MESSAGE][PASSED] - Text ****** has been set on object 'Object Repository/Page_Swag Labs/Password_field'

2023-10-30 20:18:21 - [TEST_STEP][PASSED] - click(findTestObject("Page_Swag Labs/button_login")): Object: 'Object Repository/Page_Swag Labs/button_login' is clicked on

2023-10-30 20:18:22 - [MESSAGE][PASSED] - Object: 'Object Repository/Page_Swag Labs/button_login' is clicked on

2023-10-30 20:18:22 - [TEST_STEP][PASSED] - click(findTestObject("Page_Swag Labs/Title item Labs Backpack")): Object: 'Object Repository/Page_Swag Labs/Title item Labs Backpack' is clicked on

2023-10-30 20:18:23 - [MESSAGE][PASSED] - Object: 'Object Repository/Page_Swag Labs/Title item Labs Backpack' is clicked on

2023-10-30 20:18:23 - [TEST_STEP][PASSED] - click(findTestObject("Page_Swag Labs/button_Add to cart")): Object: 'Object Repository/Page_Swag Labs/button_Add to cart' is clicked on

2023-10-30 20:18:25 - [MESSAGE][PASSED] - Object: 'Object Repository/Page_Swag Labs/button_Add to cart' is clicked on

2023-10-30 20:18:25 - [TEST_STEP][PASSED] - verifyElementPresent(findTestObject("Page_Swag Labs/Cart pop up number"), 0): Object 'Object Repository/Page_Swag Labs/Cart pop up number' is present

2023-10-30 20:18:25 - [MESSAGE][WARNING] - Timeout '0' is invalid. Using default page load timeout: '30'

2023-10-30 20:18:26 - [MESSAGE][PASSED] - Object 'Object Repository/Page_Swag Labs/Cart pop up number' is present

2023-10-30 20:18:26 - [TEST_STEP][PASSED] - click(findTestObject("Page_Swag Labs/Cart Icon")): Object: 'Object Repository/Page_Swag Labs/Cart Icon' is clicked on

2023-10-30 20:18:27 - [MESSAGE][PASSED] - Object: 'Object Repository/Page_Swag Labs/Cart Icon' is clicked on

2023-10-30 20:18:27 - [TEST_STEP][PASSED] - verifyElementPresent(findTestObject("Page_Swag Labs/Title item Labs Backpack"), 0): Object 'Object Repository/Page_Swag Labs/Title item Labs Backpack' is present

2023-10-30 20:18:27 - [MESSAGE][WARNING] - Timeout '0' is invalid. Using default page load timeout: '30'

2023-10-30 20:18:28 - [MESSAGE][PASSED] - Object 'Object Repository/Page_Swag Labs/Title item Labs Backpack' is present

2023-10-30 20:18:28 - [TEST_STEP][PASSED] - click(findTestObject("Page_Swag Labs/button Checkout")): Object: 'Object Repository/Page_Swag Labs/button Checkout' is clicked on

2023-10-30 20:18:28 - [MESSAGE][PASSED] - Object: 'Object Repository/Page_Swag Labs/button Checkout' is clicked on

2023-10-30 20:18:28 - [TEST_STEP][PASSED] - click(findTestObject("Page_Swag Labs/button Continue")): Object: 'Object Repository/Page_Swag Labs/button Continue' is clicked on

2023-10-30 20:18:29 - [MESSAGE][PASSED] - Object: 'Object Repository/Page_Swag Labs/button Continue' is clicked on

2023-10-30 20:18:29 - [TEST_STEP][PASSED] - verifyElementPresent(findTestObject("Page_Swag Labs/error message first name required"), 0): Object 'Object Repository/Page_Swag Labs/error message first name required' is present

2023-10-30 20:18:29 - [MESSAGE][WARNING] - Timeout '0' is invalid. Using default page load timeout: '30'

2023-10-30 20:18:31 - [MESSAGE][PASSED] - Object 'Object Repository/Page_Swag Labs/error message first name required' is present

2023-10-30 20:18:31 - [TEST_STEP][PASSED] - closeBrowser(): Browser is closed

2023-10-30 20:18:31 - [MESSAGE][PASSED] - Browser is closed]]></system-out>
         <system-err><![CDATA[]]></system-err>
      </testcase>
      <system-out><![CDATA[2023-10-30 20:16:28 - [TEST_SUITE][PASSED] - Checkout Feature Suite: Test Cases/Checkout/TS.Log.003 TC.Log.003.005 User checkout the items without filling user information]]></system-out>
      <system-err><![CDATA[]]></system-err>
   </testsuite>
</testsuites>
