<?xml version="1.0" encoding="UTF-8"?>
<testsuites name="Login Feature suite" time="216.29" tests="8" failures="0" errors="0">
   <testsuite name="Login Feature suite" tests="8" failures="0" errors="0" time="216.29" skipped="0" timestamp="2023-10-29 12:44:16" hostname="Fajar - 192.168.173.1" id="Test Suites/Login Feature suite">
      <properties>
         <property name="deviceName" value=""/>
         <property name="devicePlatform" value=""/>
         <property name="logFolder" value="D:\\Users\\Fajar\\git\\Testing_Saucedemo\\Reports\\20231029_124402\\Login Feature suite\\20231029_124403"/>
         <property name="logFiles" value="D:\\Users\\Fajar\\git\\Testing_Saucedemo\\Reports\\20231029_124402\\Login Feature suite\\20231029_124403\\execution0.log"/>
         <property name="attachments" value=""/>
         <property name="hostName" value="Fajar - 192.168.173.1"/>
         <property name="os" value="Windows 10 64bit"/>
         <property name="katalonVersion" value="8.6.8.208"/>
         <property name="browser" value="Chrome 118.0.0.0"/>
         <property name="hostAddress" value="192.168.173.1"/>
         <property name="sessionId" value="ec01de145356238cae7227007a9b1279"/>
         <property name="seleniumVersion" value="3.141.59"/>
         <property name="proxyInformation" value="ProxyInformation { proxyOption=NO_PROXY, proxyServerType=HTTP, username=, password=********, proxyServerAddress=, proxyServerPort=0, executionList=&quot;&quot;, isApplyToDesiredCapabilities=true }"/>
         <property name="platform" value="Windows 10"/>
      </properties>
      <testcase name="Test Cases/Login/TS.Log.001 TC.Log.001.001 User login with valid credential" time="21.743" classname="Test Cases/Login/TS.Log.001 TC.Log.001.001 User login with valid credential" status="PASSED">
         <system-out><![CDATA[2023-10-29 12:44:16 - [TEST_CASE][PASSED] - Test Cases/Login/TS.Log.001 TC.Log.001.001 User login with valid credential: Test Cases/Login/TS.Log.001 TC.Log.001.001 User login with valid credential

2023-10-29 12:44:17 - [TEST_STEP][PASSED] - openBrowser(""): Browser is opened with url: ''

2023-10-29 12:44:18 - [MESSAGE][INFO] - Starting 'Chrome' driver

2023-10-29 12:44:18 - [MESSAGE][INFO] - Action delay is set to 0 milliseconds

2023-10-29 12:44:23 - [MESSAGE][PASSED] - Browser is opened with url: ''

2023-10-29 12:44:23 - [TEST_STEP][PASSED] - navigateToUrl("https://www.saucedemo.com/"): Navigate to 'https://www.saucedemo.com/' successfully

2023-10-29 12:44:25 - [MESSAGE][PASSED] - Navigate to 'https://www.saucedemo.com/' successfully

2023-10-29 12:44:25 - [TEST_STEP][PASSED] - setText(findTestObject("Object Repository/Page_Swag Labs/Username_field"), "standard_user"): Text 'standard_user' is set on object 'Object Repository/Page_Swag Labs/Username_field'

2023-10-29 12:44:28 - [MESSAGE][PASSED] - Text 'standard_user' is set on object 'Object Repository/Page_Swag Labs/Username_field'

2023-10-29 12:44:28 - [TEST_STEP][PASSED] - setEncryptedText(findTestObject("Object Repository/Page_Swag Labs/Password_field"), "qcu24s4901FyWDTwXGr6XA=="): Text ****** has been set on object 'Object Repository/Page_Swag Labs/Password_field'

2023-10-29 12:44:29 - [MESSAGE][PASSED] - Text ****** has been set on object 'Object Repository/Page_Swag Labs/Password_field'

2023-10-29 12:44:29 - [TEST_STEP][PASSED] - click(findTestObject("Object Repository/Page_Swag Labs/button_login")): Object: 'Object Repository/Page_Swag Labs/button_login' is clicked on

2023-10-29 12:44:30 - [MESSAGE][PASSED] - Object: 'Object Repository/Page_Swag Labs/button_login' is clicked on

2023-10-29 12:44:30 - [TEST_STEP][PASSED] - closeBrowser(): Browser is closed

2023-10-29 12:44:38 - [MESSAGE][PASSED] - Browser is closed]]></system-out>
         <system-err><![CDATA[]]></system-err>
      </testcase>
      <testcase name="Test Cases/Login/TS.Log.001 TC.Log.001.002 User login with unregistered username and password" time="41.517" classname="Test Cases/Login/TS.Log.001 TC.Log.001.002 User login with unregistered username and password" status="PASSED">
         <system-out><![CDATA[2023-10-29 12:44:38 - [TEST_CASE][PASSED] - Test Cases/Login/TS.Log.001 TC.Log.001.002 User login with unregistered username and password: Test Cases/Login/TS.Log.001 TC.Log.001.002 User login with unregistered username and password

2023-10-29 12:44:39 - [TEST_STEP][PASSED] - openBrowser(""): Browser is opened with url: ''

2023-10-29 12:44:39 - [MESSAGE][INFO] - Starting 'Chrome' driver

2023-10-29 12:44:39 - [MESSAGE][INFO] - Action delay is set to 0 milliseconds

2023-10-29 12:44:42 - [MESSAGE][PASSED] - Browser is opened with url: ''

2023-10-29 12:44:42 - [TEST_STEP][PASSED] - navigateToUrl("https://www.saucedemo.com/"): Navigate to 'https://www.saucedemo.com/' successfully

2023-10-29 12:44:43 - [MESSAGE][PASSED] - Navigate to 'https://www.saucedemo.com/' successfully

2023-10-29 12:44:43 - [TEST_STEP][PASSED] - setText(findTestObject("Page_Swag Labs/Username_field"), "test salah"): Text 'test salah' is set on object 'Object Repository/Page_Swag Labs/Username_field'

2023-10-29 12:44:46 - [MESSAGE][PASSED] - Text 'test salah' is set on object 'Object Repository/Page_Swag Labs/Username_field'

2023-10-29 12:44:47 - [TEST_STEP][PASSED] - setEncryptedText(findTestObject("Object Repository/Page_Swag Labs/Password_field"), "xDH/NDxr8Nk91RcxWnF9Qg=="): Text ****** has been set on object 'Object Repository/Page_Swag Labs/Password_field'

2023-10-29 12:44:48 - [MESSAGE][PASSED] - Text ****** has been set on object 'Object Repository/Page_Swag Labs/Password_field'

2023-10-29 12:44:48 - [TEST_STEP][PASSED] - click(findTestObject("Object Repository/Page_Swag Labs/button_login")): Object: 'Object Repository/Page_Swag Labs/button_login' is clicked on

2023-10-29 12:44:49 - [MESSAGE][PASSED] - Object: 'Object Repository/Page_Swag Labs/button_login' is clicked on

2023-10-29 12:44:49 - [TEST_STEP][PASSED] - verifyElementPresent(findTestObject("Page_Swag Labs/Error message login"), 0): Object 'Object Repository/Page_Swag Labs/Error message login' is present

2023-10-29 12:44:49 - [MESSAGE][WARNING] - Timeout '0' is invalid. Using default page load timeout: '30'

2023-10-29 12:45:19 - [MESSAGE][PASSED] - Object 'Object Repository/Page_Swag Labs/Error message login' is present

2023-10-29 12:45:19 - [TEST_STEP][PASSED] - closeBrowser(): Browser is closed

2023-10-29 12:45:20 - [MESSAGE][PASSED] - Browser is closed]]></system-out>
         <system-err><![CDATA[]]></system-err>
      </testcase>
      <testcase name="Test Cases/Login/TS.Log.001 TC.Log.001.003 User login with unregistered username and valid password" time="44.122" classname="Test Cases/Login/TS.Log.001 TC.Log.001.003 User login with unregistered username and valid password" status="PASSED">
         <system-out><![CDATA[2023-10-29 12:45:20 - [TEST_CASE][PASSED] - Test Cases/Login/TS.Log.001 TC.Log.001.003 User login with unregistered username and valid password: Test Cases/Login/TS.Log.001 TC.Log.001.003 User login with unregistered username and valid password

2023-10-29 12:45:20 - [TEST_STEP][PASSED] - openBrowser(""): Browser is opened with url: ''

2023-10-29 12:45:20 - [MESSAGE][INFO] - Starting 'Chrome' driver

2023-10-29 12:45:20 - [MESSAGE][INFO] - Action delay is set to 0 milliseconds

2023-10-29 12:45:23 - [MESSAGE][PASSED] - Browser is opened with url: ''

2023-10-29 12:45:23 - [TEST_STEP][PASSED] - navigateToUrl("https://www.saucedemo.com/"): Navigate to 'https://www.saucedemo.com/' successfully

2023-10-29 12:45:26 - [MESSAGE][PASSED] - Navigate to 'https://www.saucedemo.com/' successfully

2023-10-29 12:45:26 - [TEST_STEP][PASSED] - setText(findTestObject("Page_Swag Labs/Username_field"), "test salah"): Text 'test salah' is set on object 'Object Repository/Page_Swag Labs/Username_field'

2023-10-29 12:45:31 - [MESSAGE][PASSED] - Text 'test salah' is set on object 'Object Repository/Page_Swag Labs/Username_field'

2023-10-29 12:45:31 - [TEST_STEP][PASSED] - setEncryptedText(findTestObject("Object Repository/Page_Swag Labs/Password_field"), "qcu24s4901FyWDTwXGr6XA=="): Text ****** has been set on object 'Object Repository/Page_Swag Labs/Password_field'

2023-10-29 12:45:32 - [MESSAGE][PASSED] - Text ****** has been set on object 'Object Repository/Page_Swag Labs/Password_field'

2023-10-29 12:45:32 - [TEST_STEP][PASSED] - click(findTestObject("Object Repository/Page_Swag Labs/button_login")): Object: 'Object Repository/Page_Swag Labs/button_login' is clicked on

2023-10-29 12:45:33 - [MESSAGE][PASSED] - Object: 'Object Repository/Page_Swag Labs/button_login' is clicked on

2023-10-29 12:45:33 - [TEST_STEP][PASSED] - verifyElementPresent(findTestObject("Page_Swag Labs/Error message login"), 0): Object 'Object Repository/Page_Swag Labs/Error message login' is present

2023-10-29 12:45:33 - [MESSAGE][WARNING] - Timeout '0' is invalid. Using default page load timeout: '30'

2023-10-29 12:46:03 - [MESSAGE][PASSED] - Object 'Object Repository/Page_Swag Labs/Error message login' is present

2023-10-29 12:46:03 - [TEST_STEP][PASSED] - closeBrowser(): Browser is closed

2023-10-29 12:46:04 - [MESSAGE][PASSED] - Browser is closed]]></system-out>
         <system-err><![CDATA[]]></system-err>
      </testcase>
      <testcase name="Test Cases/Login/TS.Log.001 TC.Log.001.004 User login with registered username and invalid password" time="41.352" classname="Test Cases/Login/TS.Log.001 TC.Log.001.004 User login with registered username and invalid password" status="PASSED">
         <system-out><![CDATA[2023-10-29 12:46:04 - [TEST_CASE][PASSED] - Test Cases/Login/TS.Log.001 TC.Log.001.004 User login with registered username and invalid password: Test Cases/Login/TS.Log.001 TC.Log.001.004 User login with registered username and invalid password

2023-10-29 12:46:05 - [TEST_STEP][PASSED] - openBrowser(""): Browser is opened with url: ''

2023-10-29 12:46:05 - [MESSAGE][INFO] - Starting 'Chrome' driver

2023-10-29 12:46:05 - [MESSAGE][INFO] - Action delay is set to 0 milliseconds

2023-10-29 12:46:07 - [MESSAGE][PASSED] - Browser is opened with url: ''

2023-10-29 12:46:07 - [TEST_STEP][PASSED] - navigateToUrl("https://www.saucedemo.com/"): Navigate to 'https://www.saucedemo.com/' successfully

2023-10-29 12:46:09 - [MESSAGE][PASSED] - Navigate to 'https://www.saucedemo.com/' successfully

2023-10-29 12:46:09 - [TEST_STEP][PASSED] - setText(findTestObject("Page_Swag Labs/Username_field"), "standard_user"): Text 'standard_user' is set on object 'Object Repository/Page_Swag Labs/Username_field'

2023-10-29 12:46:12 - [MESSAGE][PASSED] - Text 'standard_user' is set on object 'Object Repository/Page_Swag Labs/Username_field'

2023-10-29 12:46:12 - [TEST_STEP][PASSED] - setEncryptedText(findTestObject("Object Repository/Page_Swag Labs/Password_field"), "FMpJ+xZn0jDKm5OtYfOeUQ=="): Text ****** has been set on object 'Object Repository/Page_Swag Labs/Password_field'

2023-10-29 12:46:13 - [MESSAGE][PASSED] - Text ****** has been set on object 'Object Repository/Page_Swag Labs/Password_field'

2023-10-29 12:46:13 - [TEST_STEP][PASSED] - click(findTestObject("Object Repository/Page_Swag Labs/button_login")): Object: 'Object Repository/Page_Swag Labs/button_login' is clicked on

2023-10-29 12:46:14 - [MESSAGE][PASSED] - Object: 'Object Repository/Page_Swag Labs/button_login' is clicked on

2023-10-29 12:46:14 - [TEST_STEP][PASSED] - verifyElementPresent(findTestObject("Page_Swag Labs/Error message login"), 0): Object 'Object Repository/Page_Swag Labs/Error message login' is present

2023-10-29 12:46:14 - [MESSAGE][WARNING] - Timeout '0' is invalid. Using default page load timeout: '30'

2023-10-29 12:46:44 - [MESSAGE][PASSED] - Object 'Object Repository/Page_Swag Labs/Error message login' is present

2023-10-29 12:46:44 - [TEST_STEP][PASSED] - closeBrowser(): Browser is closed

2023-10-29 12:46:45 - [MESSAGE][PASSED] - Browser is closed]]></system-out>
         <system-err><![CDATA[]]></system-err>
      </testcase>
      <testcase name="Test Cases/Login/TS.Log.001 TC.Log.001.005 User click login without filling password" time="17.66" classname="Test Cases/Login/TS.Log.001 TC.Log.001.005 User click login without filling password" status="PASSED">
         <system-out><![CDATA[2023-10-29 12:46:45 - [TEST_CASE][PASSED] - Test Cases/Login/TS.Log.001 TC.Log.001.005 User click login without filling password: Test Cases/Login/TS.Log.001 TC.Log.001.005 User click login without filling password

2023-10-29 12:46:46 - [TEST_STEP][PASSED] - openBrowser(""): Browser is opened with url: ''

2023-10-29 12:46:46 - [MESSAGE][INFO] - Starting 'Chrome' driver

2023-10-29 12:46:46 - [MESSAGE][INFO] - Action delay is set to 0 milliseconds

2023-10-29 12:46:49 - [MESSAGE][PASSED] - Browser is opened with url: ''

2023-10-29 12:46:49 - [TEST_STEP][PASSED] - navigateToUrl("https://www.saucedemo.com/"): Navigate to 'https://www.saucedemo.com/' successfully

2023-10-29 12:46:50 - [MESSAGE][PASSED] - Navigate to 'https://www.saucedemo.com/' successfully

2023-10-29 12:46:50 - [TEST_STEP][PASSED] - setText(findTestObject("Page_Swag Labs/Username_field"), "standard_user"): Text 'standard_user' is set on object 'Object Repository/Page_Swag Labs/Username_field'

2023-10-29 12:46:53 - [MESSAGE][PASSED] - Text 'standard_user' is set on object 'Object Repository/Page_Swag Labs/Username_field'

2023-10-29 12:46:53 - [TEST_STEP][PASSED] - click(findTestObject("Object Repository/Page_Swag Labs/button_login")): Object: 'Object Repository/Page_Swag Labs/button_login' is clicked on

2023-10-29 12:46:54 - [MESSAGE][PASSED] - Object: 'Object Repository/Page_Swag Labs/button_login' is clicked on

2023-10-29 12:46:54 - [TEST_STEP][PASSED] - verifyElementPresent(findTestObject("Page_Swag Labs/Error message password required"), 0): Object 'Object Repository/Page_Swag Labs/Error message password required' is present

2023-10-29 12:46:54 - [MESSAGE][WARNING] - Timeout '0' is invalid. Using default page load timeout: '30'

2023-10-29 12:46:55 - [MESSAGE][PASSED] - Object 'Object Repository/Page_Swag Labs/Error message password required' is present

2023-10-29 12:46:55 - [TEST_STEP][PASSED] - closeBrowser(): Browser is closed

2023-10-29 12:47:03 - [MESSAGE][PASSED] - Browser is closed]]></system-out>
         <system-err><![CDATA[]]></system-err>
      </testcase>
      <testcase name="Test Cases/Login/TS.Log.001 TC.Log.001.006 User click login without filling username" time="15.257" classname="Test Cases/Login/TS.Log.001 TC.Log.001.006 User click login without filling username" status="PASSED">
         <system-out><![CDATA[2023-10-29 12:47:03 - [TEST_CASE][PASSED] - Test Cases/Login/TS.Log.001 TC.Log.001.006 User click login without filling username: Test Cases/Login/TS.Log.001 TC.Log.001.006 User click login without filling username

2023-10-29 12:47:04 - [TEST_STEP][PASSED] - openBrowser(""): Browser is opened with url: ''

2023-10-29 12:47:04 - [MESSAGE][INFO] - Starting 'Chrome' driver

2023-10-29 12:47:04 - [MESSAGE][INFO] - Action delay is set to 0 milliseconds

2023-10-29 12:47:06 - [MESSAGE][PASSED] - Browser is opened with url: ''

2023-10-29 12:47:06 - [TEST_STEP][PASSED] - navigateToUrl("https://www.saucedemo.com/"): Navigate to 'https://www.saucedemo.com/' successfully

2023-10-29 12:47:07 - [MESSAGE][PASSED] - Navigate to 'https://www.saucedemo.com/' successfully

2023-10-29 12:47:07 - [TEST_STEP][PASSED] - setEncryptedText(findTestObject("Object Repository/Page_Swag Labs/Password_field"), "qcu24s4901FyWDTwXGr6XA=="): Text ****** has been set on object 'Object Repository/Page_Swag Labs/Password_field'

2023-10-29 12:47:10 - [MESSAGE][PASSED] - Text ****** has been set on object 'Object Repository/Page_Swag Labs/Password_field'

2023-10-29 12:47:10 - [TEST_STEP][PASSED] - click(findTestObject("Object Repository/Page_Swag Labs/button_login")): Object: 'Object Repository/Page_Swag Labs/button_login' is clicked on

2023-10-29 12:47:11 - [MESSAGE][PASSED] - Object: 'Object Repository/Page_Swag Labs/button_login' is clicked on

2023-10-29 12:47:11 - [TEST_STEP][PASSED] - verifyElementPresent(findTestObject("Page_Swag Labs/Error message username required"), 0): Object 'Object Repository/Page_Swag Labs/Error message username required' is present

2023-10-29 12:47:11 - [MESSAGE][WARNING] - Timeout '0' is invalid. Using default page load timeout: '30'

2023-10-29 12:47:11 - [MESSAGE][PASSED] - Object 'Object Repository/Page_Swag Labs/Error message username required' is present

2023-10-29 12:47:11 - [TEST_STEP][PASSED] - closeBrowser(): Browser is closed

2023-10-29 12:47:18 - [MESSAGE][PASSED] - Browser is closed]]></system-out>
         <system-err><![CDATA[]]></system-err>
      </testcase>
      <testcase name="Test Cases/Login/TS.Log.001 TC.Log.001.007 User click login without fill username and password" time="16.502" classname="Test Cases/Login/TS.Log.001 TC.Log.001.007 User click login without fill username and password" status="PASSED">
         <system-out><![CDATA[2023-10-29 12:47:18 - [TEST_CASE][PASSED] - Test Cases/Login/TS.Log.001 TC.Log.001.007 User click login without fill username and password: Test Cases/Login/TS.Log.001 TC.Log.001.007 User click login without fill username and password

2023-10-29 12:47:19 - [TEST_STEP][PASSED] - openBrowser(""): Browser is opened with url: ''

2023-10-29 12:47:19 - [MESSAGE][INFO] - Starting 'Chrome' driver

2023-10-29 12:47:19 - [MESSAGE][INFO] - Action delay is set to 0 milliseconds

2023-10-29 12:47:22 - [MESSAGE][PASSED] - Browser is opened with url: ''

2023-10-29 12:47:22 - [TEST_STEP][PASSED] - navigateToUrl("https://www.saucedemo.com/"): Navigate to 'https://www.saucedemo.com/' successfully

2023-10-29 12:47:22 - [MESSAGE][PASSED] - Navigate to 'https://www.saucedemo.com/' successfully

2023-10-29 12:47:22 - [TEST_STEP][PASSED] - click(findTestObject("Object Repository/Page_Swag Labs/button_login")): Object: 'Object Repository/Page_Swag Labs/button_login' is clicked on

2023-10-29 12:47:26 - [MESSAGE][PASSED] - Object: 'Object Repository/Page_Swag Labs/button_login' is clicked on

2023-10-29 12:47:26 - [TEST_STEP][PASSED] - verifyElementPresent(findTestObject("Page_Swag Labs/Error message username required"), 0): Object 'Object Repository/Page_Swag Labs/Error message username required' is present

2023-10-29 12:47:26 - [MESSAGE][WARNING] - Timeout '0' is invalid. Using default page load timeout: '30'

2023-10-29 12:47:26 - [MESSAGE][PASSED] - Object 'Object Repository/Page_Swag Labs/Error message username required' is present

2023-10-29 12:47:26 - [TEST_STEP][PASSED] - closeBrowser(): Browser is closed

2023-10-29 12:47:35 - [MESSAGE][PASSED] - Browser is closed]]></system-out>
         <system-err><![CDATA[]]></system-err>
      </testcase>
      <testcase name="Test Cases/Login/TS.Log.001 TC.Log.001.008 User logout" time="17.408" classname="Test Cases/Login/TS.Log.001 TC.Log.001.008 User logout" status="PASSED">
         <system-out><![CDATA[2023-10-29 12:47:35 - [TEST_CASE][PASSED] - Test Cases/Login/TS.Log.001 TC.Log.001.008 User logout: Test Cases/Login/TS.Log.001 TC.Log.001.008 User logout

2023-10-29 12:47:36 - [TEST_STEP][PASSED] - openBrowser(""): Browser is opened with url: ''

2023-10-29 12:47:36 - [MESSAGE][INFO] - Starting 'Chrome' driver

2023-10-29 12:47:36 - [MESSAGE][INFO] - Action delay is set to 0 milliseconds

2023-10-29 12:47:38 - [MESSAGE][PASSED] - Browser is opened with url: ''

2023-10-29 12:47:38 - [TEST_STEP][PASSED] - navigateToUrl("https://www.saucedemo.com/"): Navigate to 'https://www.saucedemo.com/' successfully

2023-10-29 12:47:41 - [MESSAGE][PASSED] - Navigate to 'https://www.saucedemo.com/' successfully

2023-10-29 12:47:41 - [TEST_STEP][PASSED] - setText(findTestObject("Object Repository/Page_Swag Labs/Username_field"), "standard_user"): Text 'standard_user' is set on object 'Object Repository/Page_Swag Labs/Username_field'

2023-10-29 12:47:44 - [MESSAGE][PASSED] - Text 'standard_user' is set on object 'Object Repository/Page_Swag Labs/Username_field'

2023-10-29 12:47:44 - [TEST_STEP][PASSED] - setEncryptedText(findTestObject("Object Repository/Page_Swag Labs/Password_field"), "qcu24s4901FyWDTwXGr6XA=="): Text ****** has been set on object 'Object Repository/Page_Swag Labs/Password_field'

2023-10-29 12:47:45 - [MESSAGE][PASSED] - Text ****** has been set on object 'Object Repository/Page_Swag Labs/Password_field'

2023-10-29 12:47:45 - [TEST_STEP][PASSED] - click(findTestObject("Object Repository/Page_Swag Labs/button_login")): Object: 'Object Repository/Page_Swag Labs/button_login' is clicked on

2023-10-29 12:47:47 - [MESSAGE][PASSED] - Object: 'Object Repository/Page_Swag Labs/button_login' is clicked on

2023-10-29 12:47:47 - [TEST_STEP][PASSED] - click(findTestObject("Page_Swag Labs/button_Open Menu")): Object: 'Object Repository/Page_Swag Labs/button_Open Menu' is clicked on

2023-10-29 12:47:49 - [MESSAGE][PASSED] - Object: 'Object Repository/Page_Swag Labs/button_Open Menu' is clicked on

2023-10-29 12:47:49 - [TEST_STEP][PASSED] - click(findTestObject("Page_Swag Labs/Logout")): Object: 'Object Repository/Page_Swag Labs/Logout' is clicked on

2023-10-29 12:47:50 - [MESSAGE][PASSED] - Object: 'Object Repository/Page_Swag Labs/Logout' is clicked on

2023-10-29 12:47:50 - [TEST_STEP][PASSED] - verifyElementPresent(findTestObject("Page_Swag Labs/Login page Swag Labs"), 0): Object 'Object Repository/Page_Swag Labs/Login page Swag Labs' is present

2023-10-29 12:47:51 - [MESSAGE][WARNING] - Timeout '0' is invalid. Using default page load timeout: '30'

2023-10-29 12:47:51 - [MESSAGE][PASSED] - Object 'Object Repository/Page_Swag Labs/Login page Swag Labs' is present

2023-10-29 12:47:51 - [TEST_STEP][PASSED] - closeBrowser(): Browser is closed

2023-10-29 12:47:52 - [MESSAGE][PASSED] - Browser is closed]]></system-out>
         <system-err><![CDATA[]]></system-err>
      </testcase>
      <system-out><![CDATA[2023-10-29 12:44:16 - [TEST_SUITE][PASSED] - Login Feature suite: Test Cases/Login/TS.Log.001 TC.Log.001.008 User logout]]></system-out>
      <system-err><![CDATA[]]></system-err>
   </testsuite>
</testsuites>
